#
# A fatal error has been detected by the Java Runtime Environment:
#
#  EXCEPTION_ACCESS_VIOLATION (0xc0000005) at pc=0x00007ffa9dc79f20, pid=15932, tid=14208
#
# JRE version: Java(TM) SE Runtime Environment (21.0.6+8) (build 21.0.6+8-LTS-188)
# Java VM: Java HotSpot(TM) 64-Bit Server VM (21.0.6+8-LTS-188, mixed mode, sharing, tiered, compressed oops, compressed class ptrs, g1 gc, windows-amd64)
# Problematic frame:
# V  [jvm.dll+0x3b9f20]
#
# No core dump will be written. Minidumps are not enabled by default on client versions of Windows
#
# If you would like to submit a bug report, please visit:
#   https://bugreport.java.com/bugreport/crash.jsp
#

---------------  S U M M A R Y ------------

Command Line: --add-opens=java.base/java.lang=ALL-UNNAMED --add-opens=java.base/java.lang.invoke=ALL-UNNAMED --add-opens=java.base/java.util=ALL-UNNAMED --add-opens=java.prefs/java.util.prefs=ALL-UNNAMED --add-exports=jdk.compiler/com.sun.tools.javac.api=ALL-UNNAMED --add-exports=jdk.compiler/com.sun.tools.javac.util=ALL-UNNAMED --add-opens=java.base/java.util=ALL-UNNAMED --add-opens=java.prefs/java.util.prefs=ALL-UNNAMED --add-opens=java.base/java.nio.charset=ALL-UNNAMED --add-opens=java.base/java.net=ALL-UNNAMED --add-opens=java.base/java.util.concurrent.atomic=ALL-UNNAMED --add-opens=java.xml/javax.xml.namespace=ALL-UNNAMED -XX:MaxMetaspaceSize=384m -XX:+HeapDumpOnOutOfMemoryError -Xms256m -Xmx512m -Dfile.encoding=UTF-8 -Duser.country=KR -Duser.language=ko -Duser.variant -javaagent:C:\Users\r2com\.gradle\wrapper\dists\gradle-8.12.1-bin\eumc4uhoysa37zql93vfjkxy0\gradle-8.12.1\lib\agents\gradle-instrumentation-agent-8.12.1.jar org.gradle.launcher.daemon.bootstrap.GradleDaemon 8.12.1

Host: 11th Gen Intel(R) Core(TM) i5-1135G7 @ 2.40GHz, 8 cores, 15G,  Windows 10 , 64 bit Build 19041 (10.0.19041.5438)
Time: Fri Feb 21 09:23:16 2025  Windows 10 , 64 bit Build 19041 (10.0.19041.5438) elapsed time: 1.759879 seconds (0d 0h 0m 1s)

---------------  T H R E A D  ---------------

Current thread (0x000002d4e12e9a80):  JavaThread "C2 CompilerThread1" daemon [_thread_in_native, id=14208, stack(0x000000e8cc100000,0x000000e8cc200000) (1024K)]


Current CompileTask:
C2:   1759 2667       4       java.lang.invoke.MethodType::makeImpl (109 bytes)

Stack: [0x000000e8cc100000,0x000000e8cc200000],  sp=0x000000e8cc1fcd50,  free space=1011k
Native frames: (J=compiled Java code, j=interpreted, Vv=VM code, C=native code)
V  [jvm.dll+0x3b9f20]
V  [jvm.dll+0x3b3508]
V  [jvm.dll+0x1df870]
V  [jvm.dll+0x246a72]
V  [jvm.dll+0x245eff]
V  [jvm.dll+0x1c6d2e]
V  [jvm.dll+0x2554f9]
V  [jvm.dll+0x253a8a]
V  [jvm.dll+0x3ee576]
V  [jvm.dll+0x7ff2fb]
V  [jvm.dll+0x6c8dbd]
C  [ucrtbase.dll+0x21bb2]
C  [KERNEL32.DLL+0x17374]
C  [ntdll.dll+0x4cc91]


siginfo: EXCEPTION_ACCESS_VIOLATION (0xc0000005), reading address 0xffffffffffffffff


Registers:
RAX=0x0000000000000000, RBX=0x0000000000000011, RCX=0x0000000000000000, RDX=0x00027ffa9e4e5f90
RSP=0x000000e8cc1fcd50, RBP=0x00007ffa9e4e5f90, RSI=0x0000000000000000, RDI=0x000000e8cc1fcda0
R8 =0x000002d4e59aa5f0, R9 =0x0000000000000017, R10=0x0000000000000000, R11=0x0000000000000004
R12=0x0000000000000081, R13=0x0000000000000000, R14=0x000000e8cc1fced0, R15=0x00000000000002b1
RIP=0x00007ffa9dc79f20, EFLAGS=0x0000000000010246


Register to memory mapping:

RAX=0x0 is null
RBX=0x0000000000000011 is an unknown value
RCX=0x0 is null
RDX=0x00027ffa9e4e5f90 is an unknown value
RSP=0x000000e8cc1fcd50 is pointing into the stack for thread: 0x000002d4e12e9a80
RBP=0x00007ffa9e4e5f90 jvm.dll
RSI=0x0 is null
RDI=0x000000e8cc1fcda0 is pointing into the stack for thread: 0x000002d4e12e9a80
R8 =0x000002d4e59aa5f0 points into unknown readable memory: 0x0000001700000003 | 03 00 00 00 17 00 00 00
R9 =0x0000000000000017 is an unknown value
R10=0x0 is null
R11=0x0000000000000004 is an unknown value
R12=0x0000000000000081 is an unknown value
R13=0x0 is null
R14=0x000000e8cc1fced0 is pointing into the stack for thread: 0x000002d4e12e9a80
R15=0x00000000000002b1 is an unknown value

Top of Stack: (sp=0x000000e8cc1fcd50)
0x000000e8cc1fcd50:   000000000000181e 00007ffa9dc7a074
0x000000e8cc1fcd60:   000002d4e4ce9020 000002d4e12e3100
0x000000e8cc1fcd70:   0000000000000000 00007ffa9dc73508
0x000000e8cc1fcd80:   00000000000002b1 0000000000000002
0x000000e8cc1fcd90:   0000000000000000 000000e8cc1fced0
0x000000e8cc1fcda0:   0000000000000000 0000000400000000
0x000000e8cc1fcdb0:   0000001700000000 00027ffa9e4e5f90
0x000000e8cc1fcdc0:   000002d4e4e85798 000002d4e59aa5f0
0x000000e8cc1fcdd0:   000002d4e1058420 0000000000000000
0x000000e8cc1fcde0:   000002d4e1058410 000000e8cc1fd350
0x000000e8cc1fcdf0:   0000000000000001 00007ffa9da9f870
0x000000e8cc1fce00:   000000e8cc1fd270 000000e8cc1fcf00
0x000000e8cc1fce10:   000002d4e10587f8 000002d4e1058410
0x000000e8cc1fce20:   0000000000009d00 000000000000000e
0x000000e8cc1fce30:   0000000000000007 000002d4e1058410
0x000000e8cc1fce40:   000002d4e5713b90 000002d4e5718e80
0x000000e8cc1fce50:   000002d4e571bb78 0000000000537ba8
0x000000e8cc1fce60:   000002d4e1058420 00007ffb0e31fde6
0x000000e8cc1fce70:   0000000000000000 0000000000000000
0x000000e8cc1fce80:   000002d4e12e31c0 000002d400000000
0x000000e8cc1fce90:   0000000000009420 00007ffa9e26b630
0x000000e8cc1fcea0:   0000000000000000 000000e8cc1fe750
0x000000e8cc1fceb0:   0000000000000000 00007ffa9e26b630
0x000000e8cc1fcec0:   000002d4e12e3100 00007ffa9d984bfe
0x000000e8cc1fced0:   000000000000000c 000000e8cc1fe750
0x000000e8cc1fcee0:   000002d4e598f750 000002d4e12e3101
0x000000e8cc1fcef0:   000002d4e4ebd050 000002d400001821
0x000000e8cc1fcf00:   000000e8cc1fce30 000002d4e1058420
0x000000e8cc1fcf10:   00007ffa9e26b600 000000000000000d
0x000000e8cc1fcf20:   000000e8cc1fe750 000000e8cc1fd270
0x000000e8cc1fcf30:   000002d400002768 000002d4e12e31c0
0x000000e8cc1fcf40:   000000000000000a 000000e8cc1fe750 

Instructions: (pc=0x00007ffa9dc79f20)
0x00007ffa9dc79e20:   48 8b 8e d8 08 00 00 48 85 c9 75 0c e8 2f 09 00
0x00007ffa9dc79e30:   00 48 8b 8e d8 08 00 00 48 8b 01 0f 57 c0 48 89
0x00007ffa9dc79e40:   86 d8 08 00 00 0f 11 01 0f 11 41 10 0f 10 45 00
0x00007ffa9dc79e50:   0f 11 01 0f 10 4d 10 0f 11 49 10 48 8b 43 08 49
0x00007ffa9dc79e60:   89 0c 06 48 8d 0d 26 c1 86 00 ff c7 ba 70 00 00
0x00007ffa9dc79e70:   00 3b bb 90 00 00 00 0f 82 63 ff ff ff 4c 8b 74
0x00007ffa9dc79e80:   24 60 4c 8b 64 24 58 48 8b 6c 24 50 48 8b c3 48
0x00007ffa9dc79e90:   83 c4 20 41 5f 41 5d 5f 5e 5b c3 cc cc cc cc cc
0x00007ffa9dc79ea0:   48 89 74 24 18 57 48 83 ec 20 8b 51 0c 48 8b f9
0x00007ffa9dc79eb0:   83 fa 04 73 29 48 8b 49 18 0f 1f 80 00 00 00 00
0x00007ffa9dc79ec0:   8b c2 44 8d 4a 01 48 83 3c c1 00 4c 8d 14 c1 0f
0x00007ffa9dc79ed0:   85 91 00 00 00 41 8b d1 41 83 f9 04 72 e2 48 89
0x00007ffa9dc79ee0:   5c 24 30 8b 5f 10 48 89 6c 24 38 3b 5f 14 73 5f
0x00007ffa9dc79ef0:   48 8d 2d 99 c0 86 00 66 0f 1f 84 00 00 00 00 00
0x00007ffa9dc79f00:   48 8b 47 20 8b cb 48 8b 14 c8 48 3b d5 74 39 33
0x00007ffa9dc79f10:   c0 48 89 57 18 33 c9 66 0f 1f 84 00 00 00 00 00
0x00007ffa9dc79f20:   48 83 3c 11 00 44 8d 48 01 75 78 48 83 c1 08 41
0x00007ffa9dc79f30:   8b c1 41 83 f9 04 72 e8 48 8b 4f 28 48 85 c9 74
0x00007ffa9dc79f40:   07 8b d3 e8 58 01 00 00 ff c3 3b 5f 14 72 b1 33
0x00007ffa9dc79f50:   c0 48 8b 5c 24 30 48 8b 6c 24 38 48 8b 74 24 40
0x00007ffa9dc79f60:   48 83 c4 20 5f c3 8b 47 10 48 8b 74 24 40 44 8d
0x00007ffa9dc79f70:   04 82 41 c1 e0 06 41 81 c0 00 ff ff ff 44 89 47
0x00007ffa9dc79f80:   08 49 8b 12 48 0f bc c2 44 89 4f 0c 8b c8 48 d3
0x00007ffa9dc79f90:   ea 48 ff ca 41 03 c0 48 89 17 89 47 08 48 83 c4
0x00007ffa9dc79fa0:   20 5f c3 8b c8 44 8d 04 98 41 c1 e0 06 8d 43 01
0x00007ffa9dc79fb0:   44 89 47 08 48 8b 14 ca 89 47 10 48 0f bc c2 44
0x00007ffa9dc79fc0:   89 4f 0c 8b c8 48 d3 ea 48 ff ca 41 03 c0 48 89
0x00007ffa9dc79fd0:   17 89 47 08 e9 78 ff ff ff cc cc cc cc cc cc cc
0x00007ffa9dc79fe0:   40 53 48 83 ec 20 65 48 8b 04 25 58 00 00 00 8b
0x00007ffa9dc79ff0:   0d b3 3b 8b 00 48 8b 1c c8 b8 70 00 00 00 80 3c
0x00007ffa9dc7a000:   18 00 75 05 e8 07 97 53 00 b8 20 00 00 00 48 8b
0x00007ffa9dc7a010:   04 18 48 8b 88 60 06 00 00 48 8b 99 80 00 00 00 


Stack slot to memory mapping:

stack at sp + 0 slots: 0x000000000000181e is an unknown value
stack at sp + 1 slots: 0x00007ffa9dc7a074 jvm.dll
stack at sp + 2 slots: 0x000002d4e4ce9020 points into unknown readable memory: 0x0000000000000000 | 00 00 00 00 00 00 00 00
stack at sp + 3 slots: 0x000002d4e12e3100 points into unknown readable memory: 0x0000000000000000 | 00 00 00 00 00 00 00 00
stack at sp + 4 slots: 0x0 is null
stack at sp + 5 slots: 0x00007ffa9dc73508 jvm.dll
stack at sp + 6 slots: 0x00000000000002b1 is an unknown value
stack at sp + 7 slots: 0x0000000000000002 is an unknown value


---------------  P R O C E S S  ---------------

Threads class SMR info:
_java_thread_list=0x000002d4e2f13aa0, length=26, elements={
0x000002d4ad0dee10, 0x000002d4c7d0b050, 0x000002d4c7d0bf10, 0x000002d4c7d0cdd0,
0x000002d4c7d0e920, 0x000002d4c7d17700, 0x000002d4c7d1c150, 0x000002d4c7d23840,
0x000002d4c7d25300, 0x000002d4c7d18cd0, 0x000002d4c7d1ada0, 0x000002d4e12e9a80,
0x000002d4e12eaef0, 0x000002d4c7d1bac0, 0x000002d4c7d19360, 0x000002d4c7d1a080,
0x000002d4c7d1a710, 0x000002d4c7d199f0, 0x000002d4c7d1b430, 0x000002d4e2fe05e0,
0x000002d4e2fe40f0, 0x000002d4e2fe4780, 0x000002d4e2fdf8c0, 0x000002d4e2fe1990,
0x000002d4e2fe1300, 0x000002d4e2fdff50
}

Java Threads: ( => current thread )
  0x000002d4ad0dee10 JavaThread "main"                              [_thread_blocked, id=15660, stack(0x000000e8caf00000,0x000000e8cb000000) (1024K)]
  0x000002d4c7d0b050 JavaThread "Reference Handler"          daemon [_thread_blocked, id=16936, stack(0x000000e8cb700000,0x000000e8cb800000) (1024K)]
  0x000002d4c7d0bf10 JavaThread "Finalizer"                  daemon [_thread_blocked, id=13776, stack(0x000000e8cb800000,0x000000e8cb900000) (1024K)]
  0x000002d4c7d0cdd0 JavaThread "Signal Dispatcher"          daemon [_thread_blocked, id=3332, stack(0x000000e8cb900000,0x000000e8cba00000) (1024K)]
  0x000002d4c7d0e920 JavaThread "Attach Listener"            daemon [_thread_blocked, id=1436, stack(0x000000e8cba00000,0x000000e8cbb00000) (1024K)]
  0x000002d4c7d17700 JavaThread "Service Thread"             daemon [_thread_blocked, id=17704, stack(0x000000e8cbb00000,0x000000e8cbc00000) (1024K)]
  0x000002d4c7d1c150 JavaThread "Monitor Deflation Thread"   daemon [_thread_blocked, id=14780, stack(0x000000e8cbc00000,0x000000e8cbd00000) (1024K)]
  0x000002d4c7d23840 JavaThread "C2 CompilerThread0"         daemon [_thread_in_native, id=12844, stack(0x000000e8cbd00000,0x000000e8cbe00000) (1024K)]
  0x000002d4c7d25300 JavaThread "C1 CompilerThread0"         daemon [_thread_blocked, id=15484, stack(0x000000e8cbe00000,0x000000e8cbf00000) (1024K)]
  0x000002d4c7d18cd0 JavaThread "Common-Cleaner"             daemon [_thread_blocked, id=10760, stack(0x000000e8cbf00000,0x000000e8cc000000) (1024K)]
  0x000002d4c7d1ada0 JavaThread "Notification Thread"        daemon [_thread_blocked, id=15652, stack(0x000000e8cc000000,0x000000e8cc100000) (1024K)]
=>0x000002d4e12e9a80 JavaThread "C2 CompilerThread1"         daemon [_thread_in_native, id=14208, stack(0x000000e8cc100000,0x000000e8cc200000) (1024K)]
  0x000002d4e12eaef0 JavaThread "C2 CompilerThread2"         daemon [_thread_in_native, id=15952, stack(0x000000e8cc200000,0x000000e8cc300000) (1024K)]
  0x000002d4c7d1bac0 JavaThread "Daemon health stats"               [_thread_blocked, id=276, stack(0x000000e8cca00000,0x000000e8ccb00000) (1024K)]
  0x000002d4c7d19360 JavaThread "Incoming local TCP Connector on port 64636"        [_thread_in_native, id=13828, stack(0x000000e8ccb00000,0x000000e8ccc00000) (1024K)]
  0x000002d4c7d1a080 JavaThread "Daemon periodic checks"            [_thread_blocked, id=1868, stack(0x000000e8ccc00000,0x000000e8ccd00000) (1024K)]
  0x000002d4c7d1a710 JavaThread "Daemon"                            [_thread_blocked, id=4560, stack(0x000000e8ccd00000,0x000000e8cce00000) (1024K)]
  0x000002d4c7d199f0 JavaThread "Handler for socket connection from /127.0.0.1:64636 to /127.0.0.1:64637"        [_thread_in_native, id=17668, stack(0x000000e8cce00000,0x000000e8ccf00000) (1024K)]
  0x000002d4c7d1b430 JavaThread "Cancel handler"                    [_thread_blocked, id=13060, stack(0x000000e8ccf00000,0x000000e8cd000000) (1024K)]
  0x000002d4e2fe05e0 JavaThread "Daemon worker"                     [_thread_blocked, id=3128, stack(0x000000e8cd000000,0x000000e8cd100000) (1024K)]
  0x000002d4e2fe40f0 JavaThread "Asynchronous log dispatcher for DefaultDaemonConnection: socket connection from /127.0.0.1:64636 to /127.0.0.1:64637"        [_thread_blocked, id=7952, stack(0x000000e8cd100000,0x000000e8cd200000) (1024K)]
  0x000002d4e2fe4780 JavaThread "Stdin handler"                     [_thread_blocked, id=8916, stack(0x000000e8cd200000,0x000000e8cd300000) (1024K)]
  0x000002d4e2fdf8c0 JavaThread "Daemon client event forwarder"        [_thread_blocked, id=16268, stack(0x000000e8cd300000,0x000000e8cd400000) (1024K)]
  0x000002d4e2fe1990 JavaThread "Cache worker for journal cache (C:\Users\r2com\.gradle\caches\journal-1)"        [_thread_blocked, id=3488, stack(0x000000e8cd400000,0x000000e8cd500000) (1024K)]
  0x000002d4e2fe1300 JavaThread "File lock request listener"        [_thread_in_native, id=6128, stack(0x000000e8cd500000,0x000000e8cd600000) (1024K)]
  0x000002d4e2fdff50 JavaThread "Cache worker for file hash cache (C:\Users\r2com\.gradle\caches\8.12.1\fileHashes)"        [_thread_blocked, id=1972, stack(0x000000e8cd600000,0x000000e8cd700000) (1024K)]
Total: 26

Other Threads:
  0x000002d4c7cf0d00 VMThread "VM Thread"                           [id=13172, stack(0x000000e8cb600000,0x000000e8cb700000) (1024K)]
  0x000002d4c7ce2180 WatcherThread "VM Periodic Task Thread"        [id=17676, stack(0x000000e8cb500000,0x000000e8cb600000) (1024K)]
  0x000002d4ad10a550 WorkerThread "GC Thread#0"                     [id=13688, stack(0x000000e8cb000000,0x000000e8cb100000) (1024K)]
  0x000002d4e16725d0 WorkerThread "GC Thread#1"                     [id=17012, stack(0x000000e8cc300000,0x000000e8cc400000) (1024K)]
  0x000002d4e1725d60 WorkerThread "GC Thread#2"                     [id=15912, stack(0x000000e8cc400000,0x000000e8cc500000) (1024K)]
  0x000002d4e1ad8360 WorkerThread "GC Thread#3"                     [id=4400, stack(0x000000e8cc500000,0x000000e8cc600000) (1024K)]
  0x000002d4e1ad8700 WorkerThread "GC Thread#4"                     [id=1184, stack(0x000000e8cc600000,0x000000e8cc700000) (1024K)]
  0x000002d4e19054f0 WorkerThread "GC Thread#5"                     [id=516, stack(0x000000e8cc700000,0x000000e8cc800000) (1024K)]
  0x000002d4e1414b80 WorkerThread "GC Thread#6"                     [id=17372, stack(0x000000e8cc800000,0x000000e8cc900000) (1024K)]
  0x000002d4e16e71b0 WorkerThread "GC Thread#7"                     [id=18360, stack(0x000000e8cc900000,0x000000e8cca00000) (1024K)]
  0x000002d4ad10f430 ConcurrentGCThread "G1 Main Marker"            [id=7520, stack(0x000000e8cb100000,0x000000e8cb200000) (1024K)]
  0x000002d4ad112660 WorkerThread "G1 Conc#0"                       [id=14704, stack(0x000000e8cb200000,0x000000e8cb300000) (1024K)]
  0x000002d4ad1ae660 ConcurrentGCThread "G1 Refine#0"               [id=14232, stack(0x000000e8cb300000,0x000000e8cb400000) (1024K)]
  0x000002d4c7bb7340 ConcurrentGCThread "G1 Service"                [id=17720, stack(0x000000e8cb400000,0x000000e8cb500000) (1024K)]
Total: 14

Threads with active compile tasks:
C1 CompilerThread0     1778 2826       3       sun.reflect.annotation.AnnotationParser::parseArrayElements (105 bytes)
C2 CompilerThread1     1778 2667       4       java.lang.invoke.MethodType::makeImpl (109 bytes)
C2 CompilerThread2     1778 2657   !   4       java.lang.ClassLoader::loadClass (121 bytes)
Total: 3

VM state: not at safepoint (normal execution)

VM Mutex/Monitor currently owned by a thread: None

Heap address: 0x00000000e0000000, size: 512 MB, Compressed Oops mode: 32-bit

CDS archive(s) mapped at: [0x000002d4c8000000-0x000002d4c8c90000-0x000002d4c8c90000), size 13172736, SharedBaseAddress: 0x000002d4c8000000, ArchiveRelocationMode: 1.
Compressed class space mapped at: 0x000002d4c9000000-0x000002d4dd000000, reserved size: 335544320
Narrow klass base: 0x000002d4c8000000, Narrow klass shift: 0, Narrow klass range: 0x100000000

GC Precious Log:
 CardTable entry size: 512
 Card Set container configuration: InlinePtr #cards 5 size 8 Array Of Cards #cards 12 size 40 Howl #buckets 4 coarsen threshold 1843 Howl Bitmap #cards 512 size 80 coarsen threshold 460 Card regions per heap region 1 cards per card region 2048
 CPUs: 8 total, 8 available
 Memory: 16107M
 Large Page Support: Disabled
 NUMA Support: Disabled
 Compressed Oops: Enabled (32-bit)
 Heap Region Size: 1M
 Heap Min Capacity: 256M
 Heap Initial Capacity: 256M
 Heap Max Capacity: 512M
 Pre-touch: Disabled
 Parallel Workers: 8
 Concurrent Workers: 2
 Concurrent Refinement Workers: 8
 Periodic GC: Disabled

Heap:
 garbage-first heap   total 262144K, used 79824K [0x00000000e0000000, 0x0000000100000000)
  region size 1024K, 67 young (68608K), 6 survivors (6144K)
 Metaspace       used 17633K, committed 18176K, reserved 393216K
  class space    used 2429K, committed 2688K, reserved 327680K

Heap Regions: E=young(eden), S=young(survivor), O=old, HS=humongous(starts), HC=humongous(continues), CS=collection set, F=free, TAMS=top-at-mark-start, PB=parsable bottom
|   0|0x00000000e0000000, 0x00000000e0100000, 0x00000000e0100000|100%| O|  |TAMS 0x00000000e0000000| PB 0x00000000e0000000| Untracked 
|   1|0x00000000e0100000, 0x00000000e0200000, 0x00000000e0200000|100%|HS|  |TAMS 0x00000000e0100000| PB 0x00000000e0100000| Complete 
|   2|0x00000000e0200000, 0x00000000e0300000, 0x00000000e0300000|100%|HC|  |TAMS 0x00000000e0200000| PB 0x00000000e0200000| Complete 
|   3|0x00000000e0300000, 0x00000000e0400000, 0x00000000e0400000|100%|HC|  |TAMS 0x00000000e0300000| PB 0x00000000e0300000| Complete 
|   4|0x00000000e0400000, 0x00000000e0500000, 0x00000000e0500000|100%| O|  |TAMS 0x00000000e0400000| PB 0x00000000e0400000| Untracked 
|   5|0x00000000e0500000, 0x00000000e0600000, 0x00000000e0600000|100%| O|  |TAMS 0x00000000e0500000| PB 0x00000000e0500000| Untracked 
|   6|0x00000000e0600000, 0x00000000e0700000, 0x00000000e0700000|100%| O|  |TAMS 0x00000000e0600000| PB 0x00000000e0600000| Untracked 
|   7|0x00000000e0700000, 0x00000000e0800000, 0x00000000e0800000|100%|HS|  |TAMS 0x00000000e0700000| PB 0x00000000e0700000| Complete 
|   8|0x00000000e0800000, 0x00000000e0800000, 0x00000000e0900000|  0%| F|  |TAMS 0x00000000e0800000| PB 0x00000000e0800000| Untracked 
|   9|0x00000000e0900000, 0x00000000e0a00000, 0x00000000e0a00000|100%| O|  |TAMS 0x00000000e0900000| PB 0x00000000e0900000| Untracked 
|  10|0x00000000e0a00000, 0x00000000e0b00000, 0x00000000e0b00000|100%| O|  |TAMS 0x00000000e0a00000| PB 0x00000000e0a00000| Untracked 
|  11|0x00000000e0b00000, 0x00000000e0c00000, 0x00000000e0c00000|100%| O|  |TAMS 0x00000000e0b00000| PB 0x00000000e0b00000| Untracked 
|  12|0x00000000e0c00000, 0x00000000e0d00000, 0x00000000e0d00000|100%| O|  |TAMS 0x00000000e0c00000| PB 0x00000000e0c00000| Untracked 
|  13|0x00000000e0d00000, 0x00000000e0d18288, 0x00000000e0e00000|  9%| O|  |TAMS 0x00000000e0d00000| PB 0x00000000e0d00000| Untracked 
|  14|0x00000000e0e00000, 0x00000000e0e00000, 0x00000000e0f00000|  0%| F|  |TAMS 0x00000000e0e00000| PB 0x00000000e0e00000| Untracked 
|  15|0x00000000e0f00000, 0x00000000e0f00000, 0x00000000e1000000|  0%| F|  |TAMS 0x00000000e0f00000| PB 0x00000000e0f00000| Untracked 
|  16|0x00000000e1000000, 0x00000000e1000000, 0x00000000e1100000|  0%| F|  |TAMS 0x00000000e1000000| PB 0x00000000e1000000| Untracked 
|  17|0x00000000e1100000, 0x00000000e1100000, 0x00000000e1200000|  0%| F|  |TAMS 0x00000000e1100000| PB 0x00000000e1100000| Untracked 
|  18|0x00000000e1200000, 0x00000000e1200000, 0x00000000e1300000|  0%| F|  |TAMS 0x00000000e1200000| PB 0x00000000e1200000| Untracked 
|  19|0x00000000e1300000, 0x00000000e1300000, 0x00000000e1400000|  0%| F|  |TAMS 0x00000000e1300000| PB 0x00000000e1300000| Untracked 
|  20|0x00000000e1400000, 0x00000000e1400000, 0x00000000e1500000|  0%| F|  |TAMS 0x00000000e1400000| PB 0x00000000e1400000| Untracked 
|  21|0x00000000e1500000, 0x00000000e1500000, 0x00000000e1600000|  0%| F|  |TAMS 0x00000000e1500000| PB 0x00000000e1500000| Untracked 
|  22|0x00000000e1600000, 0x00000000e1600000, 0x00000000e1700000|  0%| F|  |TAMS 0x00000000e1600000| PB 0x00000000e1600000| Untracked 
|  23|0x00000000e1700000, 0x00000000e1700000, 0x00000000e1800000|  0%| F|  |TAMS 0x00000000e1700000| PB 0x00000000e1700000| Untracked 
|  24|0x00000000e1800000, 0x00000000e1800000, 0x00000000e1900000|  0%| F|  |TAMS 0x00000000e1800000| PB 0x00000000e1800000| Untracked 
|  25|0x00000000e1900000, 0x00000000e1900000, 0x00000000e1a00000|  0%| F|  |TAMS 0x00000000e1900000| PB 0x00000000e1900000| Untracked 
|  26|0x00000000e1a00000, 0x00000000e1a00000, 0x00000000e1b00000|  0%| F|  |TAMS 0x00000000e1a00000| PB 0x00000000e1a00000| Untracked 
|  27|0x00000000e1b00000, 0x00000000e1b00000, 0x00000000e1c00000|  0%| F|  |TAMS 0x00000000e1b00000| PB 0x00000000e1b00000| Untracked 
|  28|0x00000000e1c00000, 0x00000000e1c00000, 0x00000000e1d00000|  0%| F|  |TAMS 0x00000000e1c00000| PB 0x00000000e1c00000| Untracked 
|  29|0x00000000e1d00000, 0x00000000e1d00000, 0x00000000e1e00000|  0%| F|  |TAMS 0x00000000e1d00000| PB 0x00000000e1d00000| Untracked 
|  30|0x00000000e1e00000, 0x00000000e1e00000, 0x00000000e1f00000|  0%| F|  |TAMS 0x00000000e1e00000| PB 0x00000000e1e00000| Untracked 
|  31|0x00000000e1f00000, 0x00000000e1f00000, 0x00000000e2000000|  0%| F|  |TAMS 0x00000000e1f00000| PB 0x00000000e1f00000| Untracked 
|  32|0x00000000e2000000, 0x00000000e2000000, 0x00000000e2100000|  0%| F|  |TAMS 0x00000000e2000000| PB 0x00000000e2000000| Untracked 
|  33|0x00000000e2100000, 0x00000000e2100000, 0x00000000e2200000|  0%| F|  |TAMS 0x00000000e2100000| PB 0x00000000e2100000| Untracked 
|  34|0x00000000e2200000, 0x00000000e2200000, 0x00000000e2300000|  0%| F|  |TAMS 0x00000000e2200000| PB 0x00000000e2200000| Untracked 
|  35|0x00000000e2300000, 0x00000000e2300000, 0x00000000e2400000|  0%| F|  |TAMS 0x00000000e2300000| PB 0x00000000e2300000| Untracked 
|  36|0x00000000e2400000, 0x00000000e2400000, 0x00000000e2500000|  0%| F|  |TAMS 0x00000000e2400000| PB 0x00000000e2400000| Untracked 
|  37|0x00000000e2500000, 0x00000000e2500000, 0x00000000e2600000|  0%| F|  |TAMS 0x00000000e2500000| PB 0x00000000e2500000| Untracked 
|  38|0x00000000e2600000, 0x00000000e2600000, 0x00000000e2700000|  0%| F|  |TAMS 0x00000000e2600000| PB 0x00000000e2600000| Untracked 
|  39|0x00000000e2700000, 0x00000000e2700000, 0x00000000e2800000|  0%| F|  |TAMS 0x00000000e2700000| PB 0x00000000e2700000| Untracked 
|  40|0x00000000e2800000, 0x00000000e2800000, 0x00000000e2900000|  0%| F|  |TAMS 0x00000000e2800000| PB 0x00000000e2800000| Untracked 
|  41|0x00000000e2900000, 0x00000000e2900000, 0x00000000e2a00000|  0%| F|  |TAMS 0x00000000e2900000| PB 0x00000000e2900000| Untracked 
|  42|0x00000000e2a00000, 0x00000000e2a00000, 0x00000000e2b00000|  0%| F|  |TAMS 0x00000000e2a00000| PB 0x00000000e2a00000| Untracked 
|  43|0x00000000e2b00000, 0x00000000e2b00000, 0x00000000e2c00000|  0%| F|  |TAMS 0x00000000e2b00000| PB 0x00000000e2b00000| Untracked 
|  44|0x00000000e2c00000, 0x00000000e2c00000, 0x00000000e2d00000|  0%| F|  |TAMS 0x00000000e2c00000| PB 0x00000000e2c00000| Untracked 
|  45|0x00000000e2d00000, 0x00000000e2d00000, 0x00000000e2e00000|  0%| F|  |TAMS 0x00000000e2d00000| PB 0x00000000e2d00000| Untracked 
|  46|0x00000000e2e00000, 0x00000000e2e00000, 0x00000000e2f00000|  0%| F|  |TAMS 0x00000000e2e00000| PB 0x00000000e2e00000| Untracked 
|  47|0x00000000e2f00000, 0x00000000e2f00000, 0x00000000e3000000|  0%| F|  |TAMS 0x00000000e2f00000| PB 0x00000000e2f00000| Untracked 
|  48|0x00000000e3000000, 0x00000000e3000000, 0x00000000e3100000|  0%| F|  |TAMS 0x00000000e3000000| PB 0x00000000e3000000| Untracked 
|  49|0x00000000e3100000, 0x00000000e3100000, 0x00000000e3200000|  0%| F|  |TAMS 0x00000000e3100000| PB 0x00000000e3100000| Untracked 
|  50|0x00000000e3200000, 0x00000000e3200000, 0x00000000e3300000|  0%| F|  |TAMS 0x00000000e3200000| PB 0x00000000e3200000| Untracked 
|  51|0x00000000e3300000, 0x00000000e3300000, 0x00000000e3400000|  0%| F|  |TAMS 0x00000000e3300000| PB 0x00000000e3300000| Untracked 
|  52|0x00000000e3400000, 0x00000000e3400000, 0x00000000e3500000|  0%| F|  |TAMS 0x00000000e3400000| PB 0x00000000e3400000| Untracked 
|  53|0x00000000e3500000, 0x00000000e3500000, 0x00000000e3600000|  0%| F|  |TAMS 0x00000000e3500000| PB 0x00000000e3500000| Untracked 
|  54|0x00000000e3600000, 0x00000000e3600000, 0x00000000e3700000|  0%| F|  |TAMS 0x00000000e3600000| PB 0x00000000e3600000| Untracked 
|  55|0x00000000e3700000, 0x00000000e3700000, 0x00000000e3800000|  0%| F|  |TAMS 0x00000000e3700000| PB 0x00000000e3700000| Untracked 
|  56|0x00000000e3800000, 0x00000000e3800000, 0x00000000e3900000|  0%| F|  |TAMS 0x00000000e3800000| PB 0x00000000e3800000| Untracked 
|  57|0x00000000e3900000, 0x00000000e3900000, 0x00000000e3a00000|  0%| F|  |TAMS 0x00000000e3900000| PB 0x00000000e3900000| Untracked 
|  58|0x00000000e3a00000, 0x00000000e3a00000, 0x00000000e3b00000|  0%| F|  |TAMS 0x00000000e3a00000| PB 0x00000000e3a00000| Untracked 
|  59|0x00000000e3b00000, 0x00000000e3b00000, 0x00000000e3c00000|  0%| F|  |TAMS 0x00000000e3b00000| PB 0x00000000e3b00000| Untracked 
|  60|0x00000000e3c00000, 0x00000000e3c00000, 0x00000000e3d00000|  0%| F|  |TAMS 0x00000000e3c00000| PB 0x00000000e3c00000| Untracked 
|  61|0x00000000e3d00000, 0x00000000e3d00000, 0x00000000e3e00000|  0%| F|  |TAMS 0x00000000e3d00000| PB 0x00000000e3d00000| Untracked 
|  62|0x00000000e3e00000, 0x00000000e3e00000, 0x00000000e3f00000|  0%| F|  |TAMS 0x00000000e3e00000| PB 0x00000000e3e00000| Untracked 
|  63|0x00000000e3f00000, 0x00000000e3f00000, 0x00000000e4000000|  0%| F|  |TAMS 0x00000000e3f00000| PB 0x00000000e3f00000| Untracked 
|  64|0x00000000e4000000, 0x00000000e4000000, 0x00000000e4100000|  0%| F|  |TAMS 0x00000000e4000000| PB 0x00000000e4000000| Untracked 
|  65|0x00000000e4100000, 0x00000000e4100000, 0x00000000e4200000|  0%| F|  |TAMS 0x00000000e4100000| PB 0x00000000e4100000| Untracked 
|  66|0x00000000e4200000, 0x00000000e4200000, 0x00000000e4300000|  0%| F|  |TAMS 0x00000000e4200000| PB 0x00000000e4200000| Untracked 
|  67|0x00000000e4300000, 0x00000000e4300000, 0x00000000e4400000|  0%| F|  |TAMS 0x00000000e4300000| PB 0x00000000e4300000| Untracked 
|  68|0x00000000e4400000, 0x00000000e4400000, 0x00000000e4500000|  0%| F|  |TAMS 0x00000000e4400000| PB 0x00000000e4400000| Untracked 
|  69|0x00000000e4500000, 0x00000000e4500000, 0x00000000e4600000|  0%| F|  |TAMS 0x00000000e4500000| PB 0x00000000e4500000| Untracked 
|  70|0x00000000e4600000, 0x00000000e4600000, 0x00000000e4700000|  0%| F|  |TAMS 0x00000000e4600000| PB 0x00000000e4600000| Untracked 
|  71|0x00000000e4700000, 0x00000000e4700000, 0x00000000e4800000|  0%| F|  |TAMS 0x00000000e4700000| PB 0x00000000e4700000| Untracked 
|  72|0x00000000e4800000, 0x00000000e4800000, 0x00000000e4900000|  0%| F|  |TAMS 0x00000000e4800000| PB 0x00000000e4800000| Untracked 
|  73|0x00000000e4900000, 0x00000000e4900000, 0x00000000e4a00000|  0%| F|  |TAMS 0x00000000e4900000| PB 0x00000000e4900000| Untracked 
|  74|0x00000000e4a00000, 0x00000000e4a00000, 0x00000000e4b00000|  0%| F|  |TAMS 0x00000000e4a00000| PB 0x00000000e4a00000| Untracked 
|  75|0x00000000e4b00000, 0x00000000e4b00000, 0x00000000e4c00000|  0%| F|  |TAMS 0x00000000e4b00000| PB 0x00000000e4b00000| Untracked 
|  76|0x00000000e4c00000, 0x00000000e4c00000, 0x00000000e4d00000|  0%| F|  |TAMS 0x00000000e4c00000| PB 0x00000000e4c00000| Untracked 
|  77|0x00000000e4d00000, 0x00000000e4d00000, 0x00000000e4e00000|  0%| F|  |TAMS 0x00000000e4d00000| PB 0x00000000e4d00000| Untracked 
|  78|0x00000000e4e00000, 0x00000000e4e00000, 0x00000000e4f00000|  0%| F|  |TAMS 0x00000000e4e00000| PB 0x00000000e4e00000| Untracked 
|  79|0x00000000e4f00000, 0x00000000e4f00000, 0x00000000e5000000|  0%| F|  |TAMS 0x00000000e4f00000| PB 0x00000000e4f00000| Untracked 
|  80|0x00000000e5000000, 0x00000000e5000000, 0x00000000e5100000|  0%| F|  |TAMS 0x00000000e5000000| PB 0x00000000e5000000| Untracked 
|  81|0x00000000e5100000, 0x00000000e5100000, 0x00000000e5200000|  0%| F|  |TAMS 0x00000000e5100000| PB 0x00000000e5100000| Untracked 
|  82|0x00000000e5200000, 0x00000000e5200000, 0x00000000e5300000|  0%| F|  |TAMS 0x00000000e5200000| PB 0x00000000e5200000| Untracked 
|  83|0x00000000e5300000, 0x00000000e5300000, 0x00000000e5400000|  0%| F|  |TAMS 0x00000000e5300000| PB 0x00000000e5300000| Untracked 
|  84|0x00000000e5400000, 0x00000000e5400000, 0x00000000e5500000|  0%| F|  |TAMS 0x00000000e5400000| PB 0x00000000e5400000| Untracked 
|  85|0x00000000e5500000, 0x00000000e5500000, 0x00000000e5600000|  0%| F|  |TAMS 0x00000000e5500000| PB 0x00000000e5500000| Untracked 
|  86|0x00000000e5600000, 0x00000000e5600000, 0x00000000e5700000|  0%| F|  |TAMS 0x00000000e5600000| PB 0x00000000e5600000| Untracked 
|  87|0x00000000e5700000, 0x00000000e5700000, 0x00000000e5800000|  0%| F|  |TAMS 0x00000000e5700000| PB 0x00000000e5700000| Untracked 
|  88|0x00000000e5800000, 0x00000000e5800000, 0x00000000e5900000|  0%| F|  |TAMS 0x00000000e5800000| PB 0x00000000e5800000| Untracked 
|  89|0x00000000e5900000, 0x00000000e5900000, 0x00000000e5a00000|  0%| F|  |TAMS 0x00000000e5900000| PB 0x00000000e5900000| Untracked 
|  90|0x00000000e5a00000, 0x00000000e5a00000, 0x00000000e5b00000|  0%| F|  |TAMS 0x00000000e5a00000| PB 0x00000000e5a00000| Untracked 
|  91|0x00000000e5b00000, 0x00000000e5b00000, 0x00000000e5c00000|  0%| F|  |TAMS 0x00000000e5b00000| PB 0x00000000e5b00000| Untracked 
|  92|0x00000000e5c00000, 0x00000000e5c00000, 0x00000000e5d00000|  0%| F|  |TAMS 0x00000000e5c00000| PB 0x00000000e5c00000| Untracked 
|  93|0x00000000e5d00000, 0x00000000e5d00000, 0x00000000e5e00000|  0%| F|  |TAMS 0x00000000e5d00000| PB 0x00000000e5d00000| Untracked 
|  94|0x00000000e5e00000, 0x00000000e5e00000, 0x00000000e5f00000|  0%| F|  |TAMS 0x00000000e5e00000| PB 0x00000000e5e00000| Untracked 
|  95|0x00000000e5f00000, 0x00000000e5f00000, 0x00000000e6000000|  0%| F|  |TAMS 0x00000000e5f00000| PB 0x00000000e5f00000| Untracked 
|  96|0x00000000e6000000, 0x00000000e6000000, 0x00000000e6100000|  0%| F|  |TAMS 0x00000000e6000000| PB 0x00000000e6000000| Untracked 
|  97|0x00000000e6100000, 0x00000000e6100000, 0x00000000e6200000|  0%| F|  |TAMS 0x00000000e6100000| PB 0x00000000e6100000| Untracked 
|  98|0x00000000e6200000, 0x00000000e6200000, 0x00000000e6300000|  0%| F|  |TAMS 0x00000000e6200000| PB 0x00000000e6200000| Untracked 
|  99|0x00000000e6300000, 0x00000000e6300000, 0x00000000e6400000|  0%| F|  |TAMS 0x00000000e6300000| PB 0x00000000e6300000| Untracked 
| 100|0x00000000e6400000, 0x00000000e6400000, 0x00000000e6500000|  0%| F|  |TAMS 0x00000000e6400000| PB 0x00000000e6400000| Untracked 
| 101|0x00000000e6500000, 0x00000000e6500000, 0x00000000e6600000|  0%| F|  |TAMS 0x00000000e6500000| PB 0x00000000e6500000| Untracked 
| 102|0x00000000e6600000, 0x00000000e6600000, 0x00000000e6700000|  0%| F|  |TAMS 0x00000000e6600000| PB 0x00000000e6600000| Untracked 
| 103|0x00000000e6700000, 0x00000000e6700000, 0x00000000e6800000|  0%| F|  |TAMS 0x00000000e6700000| PB 0x00000000e6700000| Untracked 
| 104|0x00000000e6800000, 0x00000000e6800000, 0x00000000e6900000|  0%| F|  |TAMS 0x00000000e6800000| PB 0x00000000e6800000| Untracked 
| 105|0x00000000e6900000, 0x00000000e6900000, 0x00000000e6a00000|  0%| F|  |TAMS 0x00000000e6900000| PB 0x00000000e6900000| Untracked 
| 106|0x00000000e6a00000, 0x00000000e6a00000, 0x00000000e6b00000|  0%| F|  |TAMS 0x00000000e6a00000| PB 0x00000000e6a00000| Untracked 
| 107|0x00000000e6b00000, 0x00000000e6b00000, 0x00000000e6c00000|  0%| F|  |TAMS 0x00000000e6b00000| PB 0x00000000e6b00000| Untracked 
| 108|0x00000000e6c00000, 0x00000000e6c00000, 0x00000000e6d00000|  0%| F|  |TAMS 0x00000000e6c00000| PB 0x00000000e6c00000| Untracked 
| 109|0x00000000e6d00000, 0x00000000e6d00000, 0x00000000e6e00000|  0%| F|  |TAMS 0x00000000e6d00000| PB 0x00000000e6d00000| Untracked 
| 110|0x00000000e6e00000, 0x00000000e6e00000, 0x00000000e6f00000|  0%| F|  |TAMS 0x00000000e6e00000| PB 0x00000000e6e00000| Untracked 
| 111|0x00000000e6f00000, 0x00000000e6f00000, 0x00000000e7000000|  0%| F|  |TAMS 0x00000000e6f00000| PB 0x00000000e6f00000| Untracked 
| 112|0x00000000e7000000, 0x00000000e7000000, 0x00000000e7100000|  0%| F|  |TAMS 0x00000000e7000000| PB 0x00000000e7000000| Untracked 
| 113|0x00000000e7100000, 0x00000000e7100000, 0x00000000e7200000|  0%| F|  |TAMS 0x00000000e7100000| PB 0x00000000e7100000| Untracked 
| 114|0x00000000e7200000, 0x00000000e7200000, 0x00000000e7300000|  0%| F|  |TAMS 0x00000000e7200000| PB 0x00000000e7200000| Untracked 
| 115|0x00000000e7300000, 0x00000000e7300000, 0x00000000e7400000|  0%| F|  |TAMS 0x00000000e7300000| PB 0x00000000e7300000| Untracked 
| 116|0x00000000e7400000, 0x00000000e7400000, 0x00000000e7500000|  0%| F|  |TAMS 0x00000000e7400000| PB 0x00000000e7400000| Untracked 
| 117|0x00000000e7500000, 0x00000000e7500000, 0x00000000e7600000|  0%| F|  |TAMS 0x00000000e7500000| PB 0x00000000e7500000| Untracked 
| 118|0x00000000e7600000, 0x00000000e7600000, 0x00000000e7700000|  0%| F|  |TAMS 0x00000000e7600000| PB 0x00000000e7600000| Untracked 
| 119|0x00000000e7700000, 0x00000000e7700000, 0x00000000e7800000|  0%| F|  |TAMS 0x00000000e7700000| PB 0x00000000e7700000| Untracked 
| 120|0x00000000e7800000, 0x00000000e7800000, 0x00000000e7900000|  0%| F|  |TAMS 0x00000000e7800000| PB 0x00000000e7800000| Untracked 
| 121|0x00000000e7900000, 0x00000000e7900000, 0x00000000e7a00000|  0%| F|  |TAMS 0x00000000e7900000| PB 0x00000000e7900000| Untracked 
| 122|0x00000000e7a00000, 0x00000000e7a00000, 0x00000000e7b00000|  0%| F|  |TAMS 0x00000000e7a00000| PB 0x00000000e7a00000| Untracked 
| 123|0x00000000e7b00000, 0x00000000e7b00000, 0x00000000e7c00000|  0%| F|  |TAMS 0x00000000e7b00000| PB 0x00000000e7b00000| Untracked 
| 124|0x00000000e7c00000, 0x00000000e7c00000, 0x00000000e7d00000|  0%| F|  |TAMS 0x00000000e7c00000| PB 0x00000000e7c00000| Untracked 
| 125|0x00000000e7d00000, 0x00000000e7d00000, 0x00000000e7e00000|  0%| F|  |TAMS 0x00000000e7d00000| PB 0x00000000e7d00000| Untracked 
| 126|0x00000000e7e00000, 0x00000000e7e00000, 0x00000000e7f00000|  0%| F|  |TAMS 0x00000000e7e00000| PB 0x00000000e7e00000| Untracked 
| 127|0x00000000e7f00000, 0x00000000e7f00000, 0x00000000e8000000|  0%| F|  |TAMS 0x00000000e7f00000| PB 0x00000000e7f00000| Untracked 
| 128|0x00000000e8000000, 0x00000000e8000000, 0x00000000e8100000|  0%| F|  |TAMS 0x00000000e8000000| PB 0x00000000e8000000| Untracked 
| 129|0x00000000e8100000, 0x00000000e8100000, 0x00000000e8200000|  0%| F|  |TAMS 0x00000000e8100000| PB 0x00000000e8100000| Untracked 
| 130|0x00000000e8200000, 0x00000000e8200000, 0x00000000e8300000|  0%| F|  |TAMS 0x00000000e8200000| PB 0x00000000e8200000| Untracked 
| 131|0x00000000e8300000, 0x00000000e8300000, 0x00000000e8400000|  0%| F|  |TAMS 0x00000000e8300000| PB 0x00000000e8300000| Untracked 
| 132|0x00000000e8400000, 0x00000000e8400000, 0x00000000e8500000|  0%| F|  |TAMS 0x00000000e8400000| PB 0x00000000e8400000| Untracked 
| 133|0x00000000e8500000, 0x00000000e8500000, 0x00000000e8600000|  0%| F|  |TAMS 0x00000000e8500000| PB 0x00000000e8500000| Untracked 
| 134|0x00000000e8600000, 0x00000000e8600000, 0x00000000e8700000|  0%| F|  |TAMS 0x00000000e8600000| PB 0x00000000e8600000| Untracked 
| 135|0x00000000e8700000, 0x00000000e8700000, 0x00000000e8800000|  0%| F|  |TAMS 0x00000000e8700000| PB 0x00000000e8700000| Untracked 
| 136|0x00000000e8800000, 0x00000000e8800000, 0x00000000e8900000|  0%| F|  |TAMS 0x00000000e8800000| PB 0x00000000e8800000| Untracked 
| 137|0x00000000e8900000, 0x00000000e8900000, 0x00000000e8a00000|  0%| F|  |TAMS 0x00000000e8900000| PB 0x00000000e8900000| Untracked 
| 138|0x00000000e8a00000, 0x00000000e8a00000, 0x00000000e8b00000|  0%| F|  |TAMS 0x00000000e8a00000| PB 0x00000000e8a00000| Untracked 
| 139|0x00000000e8b00000, 0x00000000e8b00000, 0x00000000e8c00000|  0%| F|  |TAMS 0x00000000e8b00000| PB 0x00000000e8b00000| Untracked 
| 140|0x00000000e8c00000, 0x00000000e8c00000, 0x00000000e8d00000|  0%| F|  |TAMS 0x00000000e8c00000| PB 0x00000000e8c00000| Untracked 
| 141|0x00000000e8d00000, 0x00000000e8d00000, 0x00000000e8e00000|  0%| F|  |TAMS 0x00000000e8d00000| PB 0x00000000e8d00000| Untracked 
| 142|0x00000000e8e00000, 0x00000000e8e00000, 0x00000000e8f00000|  0%| F|  |TAMS 0x00000000e8e00000| PB 0x00000000e8e00000| Untracked 
| 143|0x00000000e8f00000, 0x00000000e8f00000, 0x00000000e9000000|  0%| F|  |TAMS 0x00000000e8f00000| PB 0x00000000e8f00000| Untracked 
| 144|0x00000000e9000000, 0x00000000e9000000, 0x00000000e9100000|  0%| F|  |TAMS 0x00000000e9000000| PB 0x00000000e9000000| Untracked 
| 145|0x00000000e9100000, 0x00000000e9100000, 0x00000000e9200000|  0%| F|  |TAMS 0x00000000e9100000| PB 0x00000000e9100000| Untracked 
| 146|0x00000000e9200000, 0x00000000e9200000, 0x00000000e9300000|  0%| F|  |TAMS 0x00000000e9200000| PB 0x00000000e9200000| Untracked 
| 147|0x00000000e9300000, 0x00000000e9300000, 0x00000000e9400000|  0%| F|  |TAMS 0x00000000e9300000| PB 0x00000000e9300000| Untracked 
| 148|0x00000000e9400000, 0x00000000e9400000, 0x00000000e9500000|  0%| F|  |TAMS 0x00000000e9400000| PB 0x00000000e9400000| Untracked 
| 149|0x00000000e9500000, 0x00000000e9500000, 0x00000000e9600000|  0%| F|  |TAMS 0x00000000e9500000| PB 0x00000000e9500000| Untracked 
| 150|0x00000000e9600000, 0x00000000e9600000, 0x00000000e9700000|  0%| F|  |TAMS 0x00000000e9600000| PB 0x00000000e9600000| Untracked 
| 151|0x00000000e9700000, 0x00000000e9700000, 0x00000000e9800000|  0%| F|  |TAMS 0x00000000e9700000| PB 0x00000000e9700000| Untracked 
| 152|0x00000000e9800000, 0x00000000e9800000, 0x00000000e9900000|  0%| F|  |TAMS 0x00000000e9800000| PB 0x00000000e9800000| Untracked 
| 153|0x00000000e9900000, 0x00000000e9900000, 0x00000000e9a00000|  0%| F|  |TAMS 0x00000000e9900000| PB 0x00000000e9900000| Untracked 
| 154|0x00000000e9a00000, 0x00000000e9a00000, 0x00000000e9b00000|  0%| F|  |TAMS 0x00000000e9a00000| PB 0x00000000e9a00000| Untracked 
| 155|0x00000000e9b00000, 0x00000000e9b00000, 0x00000000e9c00000|  0%| F|  |TAMS 0x00000000e9b00000| PB 0x00000000e9b00000| Untracked 
| 156|0x00000000e9c00000, 0x00000000e9c00000, 0x00000000e9d00000|  0%| F|  |TAMS 0x00000000e9c00000| PB 0x00000000e9c00000| Untracked 
| 157|0x00000000e9d00000, 0x00000000e9d00000, 0x00000000e9e00000|  0%| F|  |TAMS 0x00000000e9d00000| PB 0x00000000e9d00000| Untracked 
| 158|0x00000000e9e00000, 0x00000000e9e00000, 0x00000000e9f00000|  0%| F|  |TAMS 0x00000000e9e00000| PB 0x00000000e9e00000| Untracked 
| 159|0x00000000e9f00000, 0x00000000e9f00000, 0x00000000ea000000|  0%| F|  |TAMS 0x00000000e9f00000| PB 0x00000000e9f00000| Untracked 
| 160|0x00000000ea000000, 0x00000000ea000000, 0x00000000ea100000|  0%| F|  |TAMS 0x00000000ea000000| PB 0x00000000ea000000| Untracked 
| 161|0x00000000ea100000, 0x00000000ea100000, 0x00000000ea200000|  0%| F|  |TAMS 0x00000000ea100000| PB 0x00000000ea100000| Untracked 
| 162|0x00000000ea200000, 0x00000000ea200000, 0x00000000ea300000|  0%| F|  |TAMS 0x00000000ea200000| PB 0x00000000ea200000| Untracked 
| 163|0x00000000ea300000, 0x00000000ea300000, 0x00000000ea400000|  0%| F|  |TAMS 0x00000000ea300000| PB 0x00000000ea300000| Untracked 
| 164|0x00000000ea400000, 0x00000000ea400000, 0x00000000ea500000|  0%| F|  |TAMS 0x00000000ea400000| PB 0x00000000ea400000| Untracked 
| 165|0x00000000ea500000, 0x00000000ea500000, 0x00000000ea600000|  0%| F|  |TAMS 0x00000000ea500000| PB 0x00000000ea500000| Untracked 
| 166|0x00000000ea600000, 0x00000000ea600000, 0x00000000ea700000|  0%| F|  |TAMS 0x00000000ea600000| PB 0x00000000ea600000| Untracked 
| 167|0x00000000ea700000, 0x00000000ea700000, 0x00000000ea800000|  0%| F|  |TAMS 0x00000000ea700000| PB 0x00000000ea700000| Untracked 
| 168|0x00000000ea800000, 0x00000000ea800000, 0x00000000ea900000|  0%| F|  |TAMS 0x00000000ea800000| PB 0x00000000ea800000| Untracked 
| 169|0x00000000ea900000, 0x00000000ea900000, 0x00000000eaa00000|  0%| F|  |TAMS 0x00000000ea900000| PB 0x00000000ea900000| Untracked 
| 170|0x00000000eaa00000, 0x00000000eaa00000, 0x00000000eab00000|  0%| F|  |TAMS 0x00000000eaa00000| PB 0x00000000eaa00000| Untracked 
| 171|0x00000000eab00000, 0x00000000eab00000, 0x00000000eac00000|  0%| F|  |TAMS 0x00000000eab00000| PB 0x00000000eab00000| Untracked 
| 172|0x00000000eac00000, 0x00000000eac00000, 0x00000000ead00000|  0%| F|  |TAMS 0x00000000eac00000| PB 0x00000000eac00000| Untracked 
| 173|0x00000000ead00000, 0x00000000ead00000, 0x00000000eae00000|  0%| F|  |TAMS 0x00000000ead00000| PB 0x00000000ead00000| Untracked 
| 174|0x00000000eae00000, 0x00000000eae00000, 0x00000000eaf00000|  0%| F|  |TAMS 0x00000000eae00000| PB 0x00000000eae00000| Untracked 
| 175|0x00000000eaf00000, 0x00000000eaf00000, 0x00000000eb000000|  0%| F|  |TAMS 0x00000000eaf00000| PB 0x00000000eaf00000| Untracked 
| 176|0x00000000eb000000, 0x00000000eb000000, 0x00000000eb100000|  0%| F|  |TAMS 0x00000000eb000000| PB 0x00000000eb000000| Untracked 
| 177|0x00000000eb100000, 0x00000000eb100000, 0x00000000eb200000|  0%| F|  |TAMS 0x00000000eb100000| PB 0x00000000eb100000| Untracked 
| 178|0x00000000eb200000, 0x00000000eb200000, 0x00000000eb300000|  0%| F|  |TAMS 0x00000000eb200000| PB 0x00000000eb200000| Untracked 
| 179|0x00000000eb300000, 0x00000000eb300000, 0x00000000eb400000|  0%| F|  |TAMS 0x00000000eb300000| PB 0x00000000eb300000| Untracked 
| 180|0x00000000eb400000, 0x00000000eb400000, 0x00000000eb500000|  0%| F|  |TAMS 0x00000000eb400000| PB 0x00000000eb400000| Untracked 
| 181|0x00000000eb500000, 0x00000000eb500000, 0x00000000eb600000|  0%| F|  |TAMS 0x00000000eb500000| PB 0x00000000eb500000| Untracked 
| 182|0x00000000eb600000, 0x00000000eb600000, 0x00000000eb700000|  0%| F|  |TAMS 0x00000000eb600000| PB 0x00000000eb600000| Untracked 
| 183|0x00000000eb700000, 0x00000000eb700000, 0x00000000eb800000|  0%| F|  |TAMS 0x00000000eb700000| PB 0x00000000eb700000| Untracked 
| 184|0x00000000eb800000, 0x00000000eb800000, 0x00000000eb900000|  0%| F|  |TAMS 0x00000000eb800000| PB 0x00000000eb800000| Untracked 
| 185|0x00000000eb900000, 0x00000000eb900000, 0x00000000eba00000|  0%| F|  |TAMS 0x00000000eb900000| PB 0x00000000eb900000| Untracked 
| 186|0x00000000eba00000, 0x00000000eba00000, 0x00000000ebb00000|  0%| F|  |TAMS 0x00000000eba00000| PB 0x00000000eba00000| Untracked 
| 187|0x00000000ebb00000, 0x00000000ebb00000, 0x00000000ebc00000|  0%| F|  |TAMS 0x00000000ebb00000| PB 0x00000000ebb00000| Untracked 
| 188|0x00000000ebc00000, 0x00000000ebc00000, 0x00000000ebd00000|  0%| F|  |TAMS 0x00000000ebc00000| PB 0x00000000ebc00000| Untracked 
| 189|0x00000000ebd00000, 0x00000000ebd80800, 0x00000000ebe00000| 50%| E|  |TAMS 0x00000000ebd00000| PB 0x00000000ebd00000| Complete 
| 190|0x00000000ebe00000, 0x00000000ebf00000, 0x00000000ebf00000|100%| E|CS|TAMS 0x00000000ebe00000| PB 0x00000000ebe00000| Complete 
| 191|0x00000000ebf00000, 0x00000000ec000000, 0x00000000ec000000|100%| E|CS|TAMS 0x00000000ebf00000| PB 0x00000000ebf00000| Complete 
| 192|0x00000000ec000000, 0x00000000ec100000, 0x00000000ec100000|100%| E|CS|TAMS 0x00000000ec000000| PB 0x00000000ec000000| Complete 
| 193|0x00000000ec100000, 0x00000000ec200000, 0x00000000ec200000|100%| E|CS|TAMS 0x00000000ec100000| PB 0x00000000ec100000| Complete 
| 194|0x00000000ec200000, 0x00000000ec300000, 0x00000000ec300000|100%| E|CS|TAMS 0x00000000ec200000| PB 0x00000000ec200000| Complete 
| 195|0x00000000ec300000, 0x00000000ec400000, 0x00000000ec400000|100%| E|CS|TAMS 0x00000000ec300000| PB 0x00000000ec300000| Complete 
| 196|0x00000000ec400000, 0x00000000ec500000, 0x00000000ec500000|100%| E|CS|TAMS 0x00000000ec400000| PB 0x00000000ec400000| Complete 
| 197|0x00000000ec500000, 0x00000000ec600000, 0x00000000ec600000|100%| E|CS|TAMS 0x00000000ec500000| PB 0x00000000ec500000| Complete 
| 198|0x00000000ec600000, 0x00000000ec6dbf60, 0x00000000ec700000| 85%| S|CS|TAMS 0x00000000ec600000| PB 0x00000000ec600000| Complete 
| 199|0x00000000ec700000, 0x00000000ec800000, 0x00000000ec800000|100%| S|CS|TAMS 0x00000000ec700000| PB 0x00000000ec700000| Complete 
| 200|0x00000000ec800000, 0x00000000ec900000, 0x00000000ec900000|100%| S|CS|TAMS 0x00000000ec800000| PB 0x00000000ec800000| Complete 
| 201|0x00000000ec900000, 0x00000000eca00000, 0x00000000eca00000|100%| S|CS|TAMS 0x00000000ec900000| PB 0x00000000ec900000| Complete 
| 202|0x00000000eca00000, 0x00000000ecb00000, 0x00000000ecb00000|100%| S|CS|TAMS 0x00000000eca00000| PB 0x00000000eca00000| Complete 
| 203|0x00000000ecb00000, 0x00000000ecc00000, 0x00000000ecc00000|100%| S|CS|TAMS 0x00000000ecb00000| PB 0x00000000ecb00000| Complete 
| 204|0x00000000ecc00000, 0x00000000ecd00000, 0x00000000ecd00000|100%| E|CS|TAMS 0x00000000ecc00000| PB 0x00000000ecc00000| Complete 
| 205|0x00000000ecd00000, 0x00000000ece00000, 0x00000000ece00000|100%| E|CS|TAMS 0x00000000ecd00000| PB 0x00000000ecd00000| Complete 
| 206|0x00000000ece00000, 0x00000000ecf00000, 0x00000000ecf00000|100%| E|CS|TAMS 0x00000000ece00000| PB 0x00000000ece00000| Complete 
| 207|0x00000000ecf00000, 0x00000000ed000000, 0x00000000ed000000|100%| E|CS|TAMS 0x00000000ecf00000| PB 0x00000000ecf00000| Complete 
| 208|0x00000000ed000000, 0x00000000ed100000, 0x00000000ed100000|100%| E|CS|TAMS 0x00000000ed000000| PB 0x00000000ed000000| Complete 
| 209|0x00000000ed100000, 0x00000000ed200000, 0x00000000ed200000|100%| E|CS|TAMS 0x00000000ed100000| PB 0x00000000ed100000| Complete 
| 210|0x00000000ed200000, 0x00000000ed300000, 0x00000000ed300000|100%| E|CS|TAMS 0x00000000ed200000| PB 0x00000000ed200000| Complete 
| 211|0x00000000ed300000, 0x00000000ed400000, 0x00000000ed400000|100%| E|CS|TAMS 0x00000000ed300000| PB 0x00000000ed300000| Complete 
| 212|0x00000000ed400000, 0x00000000ed500000, 0x00000000ed500000|100%| E|CS|TAMS 0x00000000ed400000| PB 0x00000000ed400000| Complete 
| 213|0x00000000ed500000, 0x00000000ed600000, 0x00000000ed600000|100%| E|CS|TAMS 0x00000000ed500000| PB 0x00000000ed500000| Complete 
| 214|0x00000000ed600000, 0x00000000ed700000, 0x00000000ed700000|100%| E|CS|TAMS 0x00000000ed600000| PB 0x00000000ed600000| Complete 
| 215|0x00000000ed700000, 0x00000000ed800000, 0x00000000ed800000|100%| E|CS|TAMS 0x00000000ed700000| PB 0x00000000ed700000| Complete 
| 216|0x00000000ed800000, 0x00000000ed900000, 0x00000000ed900000|100%| E|CS|TAMS 0x00000000ed800000| PB 0x00000000ed800000| Complete 
| 217|0x00000000ed900000, 0x00000000eda00000, 0x00000000eda00000|100%| E|CS|TAMS 0x00000000ed900000| PB 0x00000000ed900000| Complete 
| 218|0x00000000eda00000, 0x00000000edb00000, 0x00000000edb00000|100%| E|CS|TAMS 0x00000000eda00000| PB 0x00000000eda00000| Complete 
| 219|0x00000000edb00000, 0x00000000edc00000, 0x00000000edc00000|100%| E|CS|TAMS 0x00000000edb00000| PB 0x00000000edb00000| Complete 
| 220|0x00000000edc00000, 0x00000000edd00000, 0x00000000edd00000|100%| E|CS|TAMS 0x00000000edc00000| PB 0x00000000edc00000| Complete 
| 221|0x00000000edd00000, 0x00000000ede00000, 0x00000000ede00000|100%| E|CS|TAMS 0x00000000edd00000| PB 0x00000000edd00000| Complete 
| 222|0x00000000ede00000, 0x00000000edf00000, 0x00000000edf00000|100%| E|CS|TAMS 0x00000000ede00000| PB 0x00000000ede00000| Complete 
| 223|0x00000000edf00000, 0x00000000ee000000, 0x00000000ee000000|100%| E|CS|TAMS 0x00000000edf00000| PB 0x00000000edf00000| Complete 
| 224|0x00000000ee000000, 0x00000000ee100000, 0x00000000ee100000|100%| E|CS|TAMS 0x00000000ee000000| PB 0x00000000ee000000| Complete 
| 225|0x00000000ee100000, 0x00000000ee200000, 0x00000000ee200000|100%| E|CS|TAMS 0x00000000ee100000| PB 0x00000000ee100000| Complete 
| 226|0x00000000ee200000, 0x00000000ee300000, 0x00000000ee300000|100%| E|CS|TAMS 0x00000000ee200000| PB 0x00000000ee200000| Complete 
| 227|0x00000000ee300000, 0x00000000ee400000, 0x00000000ee400000|100%| E|CS|TAMS 0x00000000ee300000| PB 0x00000000ee300000| Complete 
| 228|0x00000000ee400000, 0x00000000ee500000, 0x00000000ee500000|100%| E|CS|TAMS 0x00000000ee400000| PB 0x00000000ee400000| Complete 
| 229|0x00000000ee500000, 0x00000000ee600000, 0x00000000ee600000|100%| E|CS|TAMS 0x00000000ee500000| PB 0x00000000ee500000| Complete 
| 230|0x00000000ee600000, 0x00000000ee700000, 0x00000000ee700000|100%| E|CS|TAMS 0x00000000ee600000| PB 0x00000000ee600000| Complete 
| 231|0x00000000ee700000, 0x00000000ee800000, 0x00000000ee800000|100%| E|CS|TAMS 0x00000000ee700000| PB 0x00000000ee700000| Complete 
| 232|0x00000000ee800000, 0x00000000ee900000, 0x00000000ee900000|100%| E|CS|TAMS 0x00000000ee800000| PB 0x00000000ee800000| Complete 
| 233|0x00000000ee900000, 0x00000000eea00000, 0x00000000eea00000|100%| E|CS|TAMS 0x00000000ee900000| PB 0x00000000ee900000| Complete 
| 234|0x00000000eea00000, 0x00000000eeb00000, 0x00000000eeb00000|100%| E|CS|TAMS 0x00000000eea00000| PB 0x00000000eea00000| Complete 
| 235|0x00000000eeb00000, 0x00000000eec00000, 0x00000000eec00000|100%| E|CS|TAMS 0x00000000eeb00000| PB 0x00000000eeb00000| Complete 
| 236|0x00000000eec00000, 0x00000000eed00000, 0x00000000eed00000|100%| E|CS|TAMS 0x00000000eec00000| PB 0x00000000eec00000| Complete 
| 237|0x00000000eed00000, 0x00000000eee00000, 0x00000000eee00000|100%| E|CS|TAMS 0x00000000eed00000| PB 0x00000000eed00000| Complete 
| 238|0x00000000eee00000, 0x00000000eef00000, 0x00000000eef00000|100%| E|CS|TAMS 0x00000000eee00000| PB 0x00000000eee00000| Complete 
| 239|0x00000000eef00000, 0x00000000ef000000, 0x00000000ef000000|100%| E|CS|TAMS 0x00000000eef00000| PB 0x00000000eef00000| Complete 
| 240|0x00000000ef000000, 0x00000000ef100000, 0x00000000ef100000|100%| E|CS|TAMS 0x00000000ef000000| PB 0x00000000ef000000| Complete 
| 241|0x00000000ef100000, 0x00000000ef200000, 0x00000000ef200000|100%| E|CS|TAMS 0x00000000ef100000| PB 0x00000000ef100000| Complete 
| 242|0x00000000ef200000, 0x00000000ef300000, 0x00000000ef300000|100%| E|CS|TAMS 0x00000000ef200000| PB 0x00000000ef200000| Complete 
| 243|0x00000000ef300000, 0x00000000ef400000, 0x00000000ef400000|100%| E|CS|TAMS 0x00000000ef300000| PB 0x00000000ef300000| Complete 
| 244|0x00000000ef400000, 0x00000000ef500000, 0x00000000ef500000|100%| E|CS|TAMS 0x00000000ef400000| PB 0x00000000ef400000| Complete 
| 245|0x00000000ef500000, 0x00000000ef600000, 0x00000000ef600000|100%| E|CS|TAMS 0x00000000ef500000| PB 0x00000000ef500000| Complete 
| 246|0x00000000ef600000, 0x00000000ef700000, 0x00000000ef700000|100%| E|CS|TAMS 0x00000000ef600000| PB 0x00000000ef600000| Complete 
| 247|0x00000000ef700000, 0x00000000ef800000, 0x00000000ef800000|100%| E|CS|TAMS 0x00000000ef700000| PB 0x00000000ef700000| Complete 
| 248|0x00000000ef800000, 0x00000000ef900000, 0x00000000ef900000|100%| E|CS|TAMS 0x00000000ef800000| PB 0x00000000ef800000| Complete 
| 249|0x00000000ef900000, 0x00000000efa00000, 0x00000000efa00000|100%| E|CS|TAMS 0x00000000ef900000| PB 0x00000000ef900000| Complete 
| 250|0x00000000efa00000, 0x00000000efb00000, 0x00000000efb00000|100%| E|CS|TAMS 0x00000000efa00000| PB 0x00000000efa00000| Complete 
| 251|0x00000000efb00000, 0x00000000efc00000, 0x00000000efc00000|100%| E|CS|TAMS 0x00000000efb00000| PB 0x00000000efb00000| Complete 
| 252|0x00000000efc00000, 0x00000000efd00000, 0x00000000efd00000|100%| E|CS|TAMS 0x00000000efc00000| PB 0x00000000efc00000| Complete 
| 253|0x00000000efd00000, 0x00000000efe00000, 0x00000000efe00000|100%| E|CS|TAMS 0x00000000efd00000| PB 0x00000000efd00000| Complete 
| 254|0x00000000efe00000, 0x00000000eff00000, 0x00000000eff00000|100%| E|CS|TAMS 0x00000000efe00000| PB 0x00000000efe00000| Complete 
| 255|0x00000000eff00000, 0x00000000f0000000, 0x00000000f0000000|100%| E|CS|TAMS 0x00000000eff00000| PB 0x00000000eff00000| Complete 

Card table byte_map: [0x000002d4c49a0000,0x000002d4c4aa0000] _byte_map_base: 0x000002d4c42a0000

Marking Bits: (CMBitMap*) 0x000002d4ad10ab50
 Bits: [0x000002d4c4aa0000, 0x000002d4c52a0000)

Polling page: 0x000002d4ab0d0000

Metaspace:

Usage:
  Non-class:     14.89 MB used.
      Class:      2.38 MB used.
       Both:     17.27 MB used.

Virtual space:
  Non-class space:       64.00 MB reserved,      15.19 MB ( 24%) committed,  1 nodes.
      Class space:      320.00 MB reserved,       2.62 MB ( <1%) committed,  1 nodes.
             Both:      384.00 MB reserved,      17.81 MB (  5%) committed. 

Chunk freelists:
   Non-Class:  15.92 MB
       Class:  13.39 MB
        Both:  29.31 MB

MaxMetaspaceSize: 384.00 MB
CompressedClassSpaceSize: 320.00 MB
Initial GC threshold: 21.00 MB
Current GC threshold: 21.00 MB
CDS: on
 - commit_granule_bytes: 65536.
 - commit_granule_words: 8192.
 - virtual_space_node_default_size: 8388608.
 - enlarge_chunks_in_place: 1.
 - use_allocation_guard: 0.


Internal statistics:

num_allocs_failed_limit: 0.
num_arena_births: 698.
num_arena_deaths: 0.
num_vsnodes_births: 2.
num_vsnodes_deaths: 0.
num_space_committed: 285.
num_space_uncommitted: 0.
num_chunks_returned_to_freelist: 0.
num_chunks_taken_from_freelist: 1336.
num_chunk_merges: 0.
num_chunk_splits: 876.
num_chunks_enlarged: 591.
num_inconsistent_stats: 0.

CodeHeap 'non-profiled nmethods': size=120000Kb used=1386Kb max_used=1386Kb free=118613Kb
 bounds [0x000002d4bd040000, 0x000002d4bd2b0000, 0x000002d4c4570000]
CodeHeap 'profiled nmethods': size=120000Kb used=5636Kb max_used=5636Kb free=114363Kb
 bounds [0x000002d4b5570000, 0x000002d4b5b00000, 0x000002d4bcaa0000]
CodeHeap 'non-nmethods': size=5760Kb used=1673Kb max_used=1695Kb free=4086Kb
 bounds [0x000002d4bcaa0000, 0x000002d4bcd10000, 0x000002d4bd040000]
 total_blobs=3403 nmethods=2826 adapters=481
 compilation: enabled
              stopped_count=0, restarted_count=0
 full_count=0

Compilation events (20 events):
Event: 1.718 Thread 0x000002d4c7d25300 2808       3       java.lang.invoke.LambdaForm$NamedFunction::<init> (10 bytes)
Event: 1.718 Thread 0x000002d4c7d25300 nmethod 2808 0x000002d4b5ae5090 code [0x000002d4b5ae5260, 0x000002d4b5ae55b8]
Event: 1.731 Thread 0x000002d4c7d25300 2810       3       org.gradle.internal.logging.sink.LogEventDispatcher::onOutput (60 bytes)
Event: 1.731 Thread 0x000002d4c7d25300 nmethod 2810 0x000002d4b5ae5710 code [0x000002d4b5ae5960, 0x000002d4b5ae62c8]
Event: 1.733 Thread 0x000002d4c7d25300 2812       3       jdk.internal.org.objectweb.asm.Frame::addInitializedType (77 bytes)
Event: 1.733 Thread 0x000002d4c7d25300 nmethod 2812 0x000002d4b5ae6510 code [0x000002d4b5ae66e0, 0x000002d4b5ae6bf8]
Event: 1.735 Thread 0x000002d4c7d25300 2813       3       java.lang.invoke.DirectMethodHandle::makeAllocator (137 bytes)
Event: 1.736 Thread 0x000002d4c7d25300 nmethod 2813 0x000002d4b5ae6d90 code [0x000002d4b5ae6fa0, 0x000002d4b5ae7430]
Event: 1.739 Thread 0x000002d4c7d25300 2815       3       com.google.common.io.BaseEncoding$Alphabet::encode (7 bytes)
Event: 1.739 Thread 0x000002d4c7d25300 nmethod 2815 0x000002d4b5ae7690 code [0x000002d4b5ae7840, 0x000002d4b5ae7980]
Event: 1.739 Thread 0x000002d4c7d25300 2814       3       com.google.common.base.Preconditions::checkArgument (28 bytes)
Event: 1.740 Thread 0x000002d4c7d25300 nmethod 2814 0x000002d4b5ae7a90 code [0x000002d4b5ae7c80, 0x000002d4b5ae82b8]
Event: 1.743 Thread 0x000002d4c7d25300 2816       1       sun.reflect.generics.repository.AbstractRepository::getFactory (5 bytes)
Event: 1.743 Thread 0x000002d4c7d25300 nmethod 2816 0x000002d4bd192810 code [0x000002d4bd1929a0, 0x000002d4bd192a68]
Event: 1.743 Thread 0x000002d4c7d25300 2817       3       java.util.HashMap::put (13 bytes)
Event: 1.743 Thread 0x000002d4c7d25300 nmethod 2817 0x000002d4b5ae8510 code [0x000002d4b5ae86e0, 0x000002d4b5ae89e8]
Event: 1.743 Thread 0x000002d4c7d25300 2818       3       sun.reflect.annotation.AnnotationParser$$Lambda/0x000002d4c90545d8::get (16 bytes)
Event: 1.744 Thread 0x000002d4c7d25300 nmethod 2818 0x000002d4b5ae8b10 code [0x000002d4b5ae8cc0, 0x000002d4b5ae8e68]
Event: 1.744 Thread 0x000002d4c7d25300 2819       3       sun.reflect.annotation.AnnotationParser::lambda$parseClassArray$0 (7 bytes)
Event: 1.744 Thread 0x000002d4c7d25300 nmethod 2819 0x000002d4b5ae8f10 code [0x000002d4b5ae90c0, 0x000002d4b5ae91d8]

GC Heap History (6 events):
Event: 0.259 GC heap before
{Heap before GC invocations=0 (full 0):
 garbage-first heap   total 262144K, used 22528K [0x00000000e0000000, 0x0000000100000000)
  region size 1024K, 23 young (23552K), 0 survivors (0K)
 Metaspace       used 1098K, committed 1216K, reserved 393216K
  class space    used 81K, committed 128K, reserved 327680K
}
Event: 0.260 GC heap after
{Heap after GC invocations=1 (full 0):
 garbage-first heap   total 262144K, used 3719K [0x00000000e0000000, 0x0000000100000000)
  region size 1024K, 3 young (3072K), 3 survivors (3072K)
 Metaspace       used 1098K, committed 1216K, reserved 393216K
  class space    used 81K, committed 128K, reserved 327680K
}
Event: 0.597 GC heap before
{Heap before GC invocations=1 (full 0):
 garbage-first heap   total 262144K, used 40583K [0x00000000e0000000, 0x0000000100000000)
  region size 1024K, 37 young (37888K), 3 survivors (3072K)
 Metaspace       used 4415K, committed 4608K, reserved 393216K
  class space    used 545K, committed 640K, reserved 327680K
}
Event: 0.600 GC heap after
{Heap after GC invocations=2 (full 0):
 garbage-first heap   total 262144K, used 11387K [0x00000000e0000000, 0x0000000100000000)
  region size 1024K, 5 young (5120K), 5 survivors (5120K)
 Metaspace       used 4415K, committed 4608K, reserved 393216K
  class space    used 545K, committed 640K, reserved 327680K
}
Event: 0.965 GC heap before
{Heap before GC invocations=2 (full 0):
 garbage-first heap   total 262144K, used 61563K [0x00000000e0000000, 0x0000000100000000)
  region size 1024K, 52 young (53248K), 5 survivors (5120K)
 Metaspace       used 5905K, committed 6080K, reserved 393216K
  class space    used 763K, committed 832K, reserved 327680K
}
Event: 0.970 GC heap after
{Heap after GC invocations=3 (full 0):
 garbage-first heap   total 262144K, used 18384K [0x00000000e0000000, 0x0000000100000000)
  region size 1024K, 6 young (6144K), 6 survivors (6144K)
 Metaspace       used 5905K, committed 6080K, reserved 393216K
  class space    used 763K, committed 832K, reserved 327680K
}

Dll operation events (15 events):
Event: 0.007 Loaded shared library C:\Program Files\Java\jdk-21\bin\java.dll
Event: 0.035 Loaded shared library C:\Program Files\Java\jdk-21\bin\jsvml.dll
Event: 0.059 Loaded shared library C:\Program Files\Java\jdk-21\bin\zip.dll
Event: 0.062 Loaded shared library C:\Program Files\Java\jdk-21\bin\instrument.dll
Event: 0.065 Loaded shared library C:\Program Files\Java\jdk-21\bin\net.dll
Event: 0.066 Loaded shared library C:\Program Files\Java\jdk-21\bin\nio.dll
Event: 0.068 Loaded shared library C:\Program Files\Java\jdk-21\bin\zip.dll
Event: 0.221 Loaded shared library C:\Program Files\Java\jdk-21\bin\jimage.dll
Event: 0.293 Loaded shared library C:\Program Files\Java\jdk-21\bin\verify.dll
Event: 0.376 Loaded shared library C:\Users\r2com\.gradle\native\1def1411415f61bf3af743bc5b6707747c0891f09f0c88961ee8f79bc544acac\windows-amd64\native-platform.dll
Event: 0.380 Loaded shared library C:\Users\r2com\.gradle\native\0.2.6\x86_64-windows-gnu\gradle-fileevents.dll
Event: 0.996 Loaded shared library C:\Program Files\Java\jdk-21\bin\management.dll
Event: 0.998 Loaded shared library C:\Program Files\Java\jdk-21\bin\management_ext.dll
Event: 1.101 Loaded shared library C:\Program Files\Java\jdk-21\bin\extnet.dll
Event: 1.227 Loaded shared library C:\Program Files\Java\jdk-21\bin\sunmscapi.dll

Deoptimization events (20 events):
Event: 1.423 Thread 0x000002d4e2fe05e0 DEOPT PACKING pc=0x000002d4bd0ddc98 sp=0x000000e8cd0fbf00
Event: 1.423 Thread 0x000002d4e2fe05e0 DEOPT UNPACKING pc=0x000002d4bcaf7da2 sp=0x000000e8cd0fbe78 mode 2
Event: 1.573 Thread 0x000002d4e2fe1300 Uncommon trap: trap_request=0xffffff45 fr.pc=0x000002d4bd13ae1c relative=0x000000000000017c
Event: 1.574 Thread 0x000002d4e2fe1300 Uncommon trap: reason=unstable_if action=reinterpret pc=0x000002d4bd13ae1c method=java.util.concurrent.locks.ReentrantLock$NonfairSync.initialTryLock()Z @ 25 c2
Event: 1.574 Thread 0x000002d4e2fe1300 DEOPT PACKING pc=0x000002d4bd13ae1c sp=0x000000e8cd5ff060
Event: 1.574 Thread 0x000002d4e2fe1300 DEOPT UNPACKING pc=0x000002d4bcaf7da2 sp=0x000000e8cd5ff000 mode 2
Event: 1.622 Thread 0x000002d4e2fe05e0 Uncommon trap: trap_request=0xffffff45 fr.pc=0x000002d4bd068dc4 relative=0x0000000000000d04
Event: 1.622 Thread 0x000002d4e2fe05e0 Uncommon trap: reason=unstable_if action=reinterpret pc=0x000002d4bd068dc4 method=java.io.WinNTFileSystem.resolve(Ljava/lang/String;Ljava/lang/String;)Ljava/lang/String; @ 19 c2
Event: 1.622 Thread 0x000002d4e2fe05e0 DEOPT PACKING pc=0x000002d4bd068dc4 sp=0x000000e8cd0fb7f0
Event: 1.622 Thread 0x000002d4e2fe05e0 DEOPT UNPACKING pc=0x000002d4bcaf7da2 sp=0x000000e8cd0fb798 mode 2
Event: 1.623 Thread 0x000002d4e2fe05e0 DEOPT PACKING pc=0x000002d4b564dddf sp=0x000000e8cd0fb1e0
Event: 1.623 Thread 0x000002d4e2fe05e0 DEOPT UNPACKING pc=0x000002d4bcaf88e2 sp=0x000000e8cd0fa678 mode 0
Event: 1.623 Thread 0x000002d4e2fe05e0 Uncommon trap: trap_request=0xffffff45 fr.pc=0x000002d4bd0d63f0 relative=0x0000000000000690
Event: 1.623 Thread 0x000002d4e2fe05e0 Uncommon trap: reason=unstable_if action=reinterpret pc=0x000002d4bd0d63f0 method=java.io.File.getName()Ljava/lang/String; @ 16 c2
Event: 1.623 Thread 0x000002d4e2fe05e0 DEOPT PACKING pc=0x000002d4bd0d63f0 sp=0x000000e8cd0fb7c0
Event: 1.623 Thread 0x000002d4e2fe05e0 DEOPT UNPACKING pc=0x000002d4bcaf7da2 sp=0x000000e8cd0fb790 mode 2
Event: 1.662 Thread 0x000002d4e2fe05e0 Uncommon trap: trap_request=0xffffff45 fr.pc=0x000002d4bd06de14 relative=0x00000000000000f4
Event: 1.662 Thread 0x000002d4e2fe05e0 Uncommon trap: reason=unstable_if action=reinterpret pc=0x000002d4bd06de14 method=java.util.HashMap.hash(Ljava/lang/Object;)I @ 1 c2
Event: 1.662 Thread 0x000002d4e2fe05e0 DEOPT PACKING pc=0x000002d4bd06de14 sp=0x000000e8cd0fc820
Event: 1.662 Thread 0x000002d4e2fe05e0 DEOPT UNPACKING pc=0x000002d4bcaf7da2 sp=0x000000e8cd0fc760 mode 2

Classes loaded (20 events):
Event: 1.707 Loading class java/lang/invoke/BoundMethodHandle$Species_LLLLLLLLLLLLLLL
Event: 1.707 Loading class java/lang/invoke/BoundMethodHandle$Species_LLLLLLLLLLLLLLL done
Event: 1.708 Loading class java/lang/invoke/BoundMethodHandle$Species_LLLLLLLLLLLLLLLL
Event: 1.708 Loading class java/lang/invoke/BoundMethodHandle$Species_LLLLLLLLLLLLLLLL done
Event: 1.709 Loading class java/lang/invoke/BoundMethodHandle$Species_LLLLLLLLLLLLLLLLL
Event: 1.709 Loading class java/lang/invoke/BoundMethodHandle$Species_LLLLLLLLLLLLLLLLL done
Event: 1.709 Loading class java/lang/invoke/BoundMethodHandle$Species_LLLLLLLLLLLLLLLLLL
Event: 1.709 Loading class java/lang/invoke/BoundMethodHandle$Species_LLLLLLLLLLLLLLLLLL done
Event: 1.710 Loading class java/lang/invoke/BoundMethodHandle$Species_LLLLLLLLLLLLLLLLLLL
Event: 1.710 Loading class java/lang/invoke/BoundMethodHandle$Species_LLLLLLLLLLLLLLLLLLL done
Event: 1.711 Loading class java/lang/invoke/BoundMethodHandle$Species_LLLLLLLLLLLLLLLLLLLL
Event: 1.711 Loading class java/lang/invoke/BoundMethodHandle$Species_LLLLLLLLLLLLLLLLLLLL done
Event: 1.712 Loading class java/lang/invoke/BoundMethodHandle$Species_LLLLLLLLLLLLLLLLLLLLL
Event: 1.712 Loading class java/lang/invoke/BoundMethodHandle$Species_LLLLLLLLLLLLLLLLLLLLL done
Event: 1.713 Loading class java/lang/invoke/BoundMethodHandle$Species_LLLLLLLLLLLLLLLLLLLLLL
Event: 1.713 Loading class java/lang/invoke/BoundMethodHandle$Species_LLLLLLLLLLLLLLLLLLLLLL done
Event: 1.715 Loading class java/lang/invoke/BoundMethodHandle$Species_LLLLLLLLLLLLLLLLLLLLLLL
Event: 1.715 Loading class java/lang/invoke/BoundMethodHandle$Species_LLLLLLLLLLLLLLLLLLLLLLL done
Event: 1.716 Loading class java/lang/invoke/BoundMethodHandle$Species_LLLLLLLLLLLLLLLLLLLLLLLL
Event: 1.716 Loading class java/lang/invoke/BoundMethodHandle$Species_LLLLLLLLLLLLLLLLLLLLLLLL done

Classes unloaded (0 events):
No events

Classes redefined (0 events):
No events

Internal exceptions (20 events):
Event: 1.556 Thread 0x000002d4e2fe05e0 Exception <a 'java/lang/IncompatibleClassChangeError'{0x00000000ed81c9b8}: Found class java.lang.Object, but interface was expected> (0x00000000ed81c9b8) 
thrown [s\open\src\hotspot\share\interpreter\linkResolver.cpp, line 840]
Event: 1.569 Thread 0x000002d4e2fe05e0 Exception <a 'java/lang/NoSuchMethodError'{0x00000000ed740268}: 'java.lang.Object java.lang.invoke.DirectMethodHandle$Holder.newInvokeSpecial(java.lang.Object, java.lang.Object, int)'> (0x00000000ed740268) 
thrown [s\open\src\hotspot\share\interpreter\linkResolver.cpp, line 773]
Event: 1.609 Thread 0x000002d4e2fe05e0 Exception <a 'java/lang/NoSuchMethodError'{0x00000000ed3c11a8}: 'java.lang.Object java.lang.invoke.DirectMethodHandle$Holder.invokeVirtual(java.lang.Object, java.lang.Object, java.lang.Object, java.lang.Object, java.lang.Object, java.lang.Object, java.lang.Object, java.lang.Object)'> (0x00000000ed3c11a8) 
thrown [s\open\src\hotspot\share\interpreter\linkResolver.cpp, line 773]
Event: 1.646 Thread 0x000002d4e2fe05e0 Exception <a 'java/lang/NoSuchMethodError'{0x00000000ed02cff8}: 'int java.lang.invoke.DirectMethodHandle$Holder.invokeSpecialIFC(java.lang.Object, java.lang.Object, java.lang.Object, java.lang.Object)'> (0x00000000ed02cff8) 
thrown [s\open\src\hotspot\share\interpreter\linkResolver.cpp, line 773]
Event: 1.648 Thread 0x000002d4e2fe05e0 Exception <a 'java/lang/NoSuchMethodError'{0x00000000ed03a5b0}: 'java.lang.Object java.lang.invoke.DirectMethodHandle$Holder.invokeInterface(java.lang.Object, java.lang.Object, java.lang.Object)'> (0x00000000ed03a5b0) 
thrown [s\open\src\hotspot\share\interpreter\linkResolver.cpp, line 773]
Event: 1.649 Thread 0x000002d4e2fe05e0 Exception <a 'java/lang/IncompatibleClassChangeError'{0x00000000ed03e1b8}: Found class java.lang.Object, but interface was expected> (0x00000000ed03e1b8) 
thrown [s\open\src\hotspot\share\interpreter\linkResolver.cpp, line 840]
Event: 1.662 Thread 0x000002d4e2fe05e0 Implicit null exception at 0x000002d4bd06dd66 to 0x000002d4bd06de0a
Event: 1.677 Thread 0x000002d4e2fe05e0 Exception <a 'java/lang/NoSuchMethodError'{0x00000000ece360e8}: 'int java.lang.invoke.DirectMethodHandle$Holder.invokeStatic(java.lang.Object, java.lang.Object, java.lang.Object, java.lang.Object)'> (0x00000000ece360e8) 
thrown [s\open\src\hotspot\share\interpreter\linkResolver.cpp, line 773]
Event: 1.704 Thread 0x000002d4e2fe05e0 Exception <a 'java/lang/NoSuchMethodError'{0x00000000ecc9cc80}: 'java.lang.Object java.lang.invoke.DelegatingMethodHandle$Holder.reinvoke_L(java.lang.Object, java.lang.Object, java.lang.Object, java.lang.Object, java.lang.Object, java.lang.Object, java.lang.Object, java.lang.Object, java.lang.Object, java.lang.Object, java.lang.Object, java.lang.Object, java.lang.Object, java.lang.Object, java.lang.Object, java.lang.Object, java.lang.Object, java.lang.Object, java.lang.Object, java.lang.Object, java.lang.O
Event: 1.706 Thread 0x000002d4e2fe05e0 Exception <a 'java/lang/NoSuchMethodError'{0x00000000ec50ab58}: 'java.lang.Object java.lang.invoke.DirectMethodHandle$Holder.invokeStatic(java.lang.Object, java.lang.Object, java.lang.Object, java.lang.Object, java.lang.Object, java.lang.Object, java.lang.Object, java.lang.Object, java.lang.Object, java.lang.Object, java.lang.Object, java.lang.Object, java.lang.Object, java.lang.Object, java.lang.Object, java.lang.Object, java.lang.Object)'> (0x00000000ec50ab58) 
thrown [s\open\src\hotspot\share\interprete
Event: 1.707 Thread 0x000002d4e2fe05e0 Exception <a 'java/lang/NoSuchMethodError'{0x00000000ec5333a0}: 'java.lang.Object java.lang.invoke.DirectMethodHandle$Holder.invokeStatic(java.lang.Object, java.lang.Object, java.lang.Object, java.lang.Object, java.lang.Object, java.lang.Object, java.lang.Object, java.lang.Object, java.lang.Object, java.lang.Object, java.lang.Object, java.lang.Object, java.lang.Object, java.lang.Object, java.lang.Object, java.lang.Object, java.lang.Object, java.lang.Object)'> (0x00000000ec5333a0) 
thrown [s\open\src\hotspo
Event: 1.708 Thread 0x000002d4e2fe05e0 Exception <a 'java/lang/NoSuchMethodError'{0x00000000ec55d068}: 'java.lang.Object java.lang.invoke.DirectMethodHandle$Holder.invokeStatic(java.lang.Object, java.lang.Object, java.lang.Object, java.lang.Object, java.lang.Object, java.lang.Object, java.lang.Object, java.lang.Object, java.lang.Object, java.lang.Object, java.lang.Object, java.lang.Object, java.lang.Object, java.lang.Object, java.lang.Object, java.lang.Object, java.lang.Object, java.lang.Object, java.lang.Object)'> (0x00000000ec55d068) 
thrown 
Event: 1.709 Thread 0x000002d4e2fe05e0 Exception <a 'java/lang/NoSuchMethodError'{0x00000000ec588358}: 'java.lang.Object java.lang.invoke.DirectMethodHandle$Holder.invokeStatic(java.lang.Object, java.lang.Object, java.lang.Object, java.lang.Object, java.lang.Object, java.lang.Object, java.lang.Object, java.lang.Object, java.lang.Object, java.lang.Object, java.lang.Object, java.lang.Object, java.lang.Object, java.lang.Object, java.lang.Object, java.lang.Object, java.lang.Object, java.lang.Object, java.lang.Object, java.lang.Object)'> (0x00000000
Event: 1.710 Thread 0x000002d4e2fe05e0 Exception <a 'java/lang/NoSuchMethodError'{0x00000000ec5b4630}: 'java.lang.Object java.lang.invoke.DirectMethodHandle$Holder.invokeStatic(java.lang.Object, java.lang.Object, java.lang.Object, java.lang.Object, java.lang.Object, java.lang.Object, java.lang.Object, java.lang.Object, java.lang.Object, java.lang.Object, java.lang.Object, java.lang.Object, java.lang.Object, java.lang.Object, java.lang.Object, java.lang.Object, java.lang.Object, java.lang.Object, java.lang.Object, java.lang.Object, java.lang.Obj
Event: 1.711 Thread 0x000002d4e2fe05e0 Exception <a 'java/lang/NoSuchMethodError'{0x00000000ec5e1a98}: 'java.lang.Object java.lang.invoke.DirectMethodHandle$Holder.invokeStatic(java.lang.Object, java.lang.Object, java.lang.Object, java.lang.Object, java.lang.Object, java.lang.Object, java.lang.Object, java.lang.Object, java.lang.Object, java.lang.Object, java.lang.Object, java.lang.Object, java.lang.Object, java.lang.Object, java.lang.Object, java.lang.Object, java.lang.Object, java.lang.Object, java.lang.Object, java.lang.Object, java.lang.Obj
Event: 1.712 Thread 0x000002d4e2fe05e0 Exception <a 'java/lang/NoSuchMethodError'{0x00000000ec410468}: 'java.lang.Object java.lang.invoke.DirectMethodHandle$Holder.invokeStatic(java.lang.Object, java.lang.Object, java.lang.Object, java.lang.Object, java.lang.Object, java.lang.Object, java.lang.Object, java.lang.Object, java.lang.Object, java.lang.Object, java.lang.Object, java.lang.Object, java.lang.Object, java.lang.Object, java.lang.Object, java.lang.Object, java.lang.Object, java.lang.Object, java.lang.Object, java.lang.Object, java.lang.Obj
Event: 1.712 Thread 0x000002d4e2fe05e0 Exception <a 'java/lang/NoSuchMethodError'{0x00000000ec43f4a0}: 'java.lang.Object java.lang.invoke.DirectMethodHandle$Holder.invokeStatic(java.lang.Object, java.lang.Object, java.lang.Object, java.lang.Object, java.lang.Object, java.lang.Object, java.lang.Object, java.lang.Object, java.lang.Object, java.lang.Object, java.lang.Object, java.lang.Object, java.lang.Object, java.lang.Object, java.lang.Object, java.lang.Object, java.lang.Object, java.lang.Object, java.lang.Object, java.lang.Object, java.lang.Obj
Event: 1.714 Thread 0x000002d4e2fe05e0 Exception <a 'java/lang/NoSuchMethodError'{0x00000000ec46f920}: 'java.lang.Object java.lang.invoke.DirectMethodHandle$Holder.invokeStatic(java.lang.Object, java.lang.Object, java.lang.Object, java.lang.Object, java.lang.Object, java.lang.Object, java.lang.Object, java.lang.Object, java.lang.Object, java.lang.Object, java.lang.Object, java.lang.Object, java.lang.Object, java.lang.Object, java.lang.Object, java.lang.Object, java.lang.Object, java.lang.Object, java.lang.Object, java.lang.Object, java.lang.Obj
Event: 1.715 Thread 0x000002d4e2fe05e0 Exception <a 'java/lang/NoSuchMethodError'{0x00000000ec4a08c0}: 'java.lang.Object java.lang.invoke.DirectMethodHandle$Holder.invokeStatic(java.lang.Object, java.lang.Object, java.lang.Object, java.lang.Object, java.lang.Object, java.lang.Object, java.lang.Object, java.lang.Object, java.lang.Object, java.lang.Object, java.lang.Object, java.lang.Object, java.lang.Object, java.lang.Object, java.lang.Object, java.lang.Object, java.lang.Object, java.lang.Object, java.lang.Object, java.lang.Object, java.lang.Obj
Event: 1.717 Thread 0x000002d4e2fe05e0 Exception <a 'java/lang/NoSuchMethodError'{0x00000000ec4d2c28}: 'java.lang.Object java.lang.invoke.DirectMethodHandle$Holder.invokeStatic(java.lang.Object, java.lang.Object, java.lang.Object, java.lang.Object, java.lang.Object, java.lang.Object, java.lang.Object, java.lang.Object, java.lang.Object, java.lang.Object, java.lang.Object, java.lang.Object, java.lang.Object, java.lang.Object, java.lang.Object, java.lang.Object, java.lang.Object, java.lang.Object, java.lang.Object, java.lang.Object, java.lang.Obj

ZGC Phase Switch (0 events):
No events

VM Operations (20 events):
Event: 1.026 Executing VM operation: HandshakeAllThreads (Deoptimize)
Event: 1.026 Executing VM operation: HandshakeAllThreads (Deoptimize) done
Event: 1.098 Executing VM operation: HandshakeAllThreads (Deoptimize)
Event: 1.098 Executing VM operation: HandshakeAllThreads (Deoptimize) done
Event: 1.109 Executing VM operation: HandshakeAllThreads (Deoptimize)
Event: 1.109 Executing VM operation: HandshakeAllThreads (Deoptimize) done
Event: 1.130 Executing VM operation: HandshakeAllThreads (Deoptimize)
Event: 1.130 Executing VM operation: HandshakeAllThreads (Deoptimize) done
Event: 1.160 Executing VM operation: HandshakeAllThreads (Deoptimize)
Event: 1.160 Executing VM operation: HandshakeAllThreads (Deoptimize) done
Event: 1.236 Executing VM operation: HandshakeAllThreads (Deoptimize)
Event: 1.236 Executing VM operation: HandshakeAllThreads (Deoptimize) done
Event: 1.422 Executing VM operation: ICBufferFull
Event: 1.422 Executing VM operation: ICBufferFull done
Event: 1.568 Executing VM operation: HandshakeAllThreads (Deoptimize)
Event: 1.568 Executing VM operation: HandshakeAllThreads (Deoptimize) done
Event: 1.723 Executing VM operation: HandshakeAllThreads (Deoptimize)
Event: 1.723 Executing VM operation: HandshakeAllThreads (Deoptimize) done
Event: 1.723 Executing VM operation: HandshakeAllThreads (Deoptimize)
Event: 1.723 Executing VM operation: HandshakeAllThreads (Deoptimize) done

Events (20 events):
Event: 0.034 Thread 0x000002d4c7d1c150 Thread added: 0x000002d4c7d1c150
Event: 0.034 Thread 0x000002d4c7d23840 Thread added: 0x000002d4c7d23840
Event: 0.034 Thread 0x000002d4c7d25300 Thread added: 0x000002d4c7d25300
Event: 0.046 Thread 0x000002d4c7d18cd0 Thread added: 0x000002d4c7d18cd0
Event: 0.076 Thread 0x000002d4c7d1ada0 Thread added: 0x000002d4c7d1ada0
Event: 0.110 Thread 0x000002d4e12e9a80 Thread added: 0x000002d4e12e9a80
Event: 0.220 Thread 0x000002d4e12eaef0 Thread added: 0x000002d4e12eaef0
Event: 1.027 Thread 0x000002d4c7d1bac0 Thread added: 0x000002d4c7d1bac0
Event: 1.177 Thread 0x000002d4c7d19360 Thread added: 0x000002d4c7d19360
Event: 1.222 Thread 0x000002d4c7d1a080 Thread added: 0x000002d4c7d1a080
Event: 1.258 Thread 0x000002d4c7d1a710 Thread added: 0x000002d4c7d1a710
Event: 1.272 Thread 0x000002d4c7d199f0 Thread added: 0x000002d4c7d199f0
Event: 1.301 Thread 0x000002d4c7d1b430 Thread added: 0x000002d4c7d1b430
Event: 1.306 Thread 0x000002d4e2fe05e0 Thread added: 0x000002d4e2fe05e0
Event: 1.314 Thread 0x000002d4e2fe40f0 Thread added: 0x000002d4e2fe40f0
Event: 1.319 Thread 0x000002d4e2fe4780 Thread added: 0x000002d4e2fe4780
Event: 1.320 Thread 0x000002d4e2fdf8c0 Thread added: 0x000002d4e2fdf8c0
Event: 1.569 Thread 0x000002d4e2fe1990 Thread added: 0x000002d4e2fe1990
Event: 1.573 Thread 0x000002d4e2fe1300 Thread added: 0x000002d4e2fe1300
Event: 1.596 Thread 0x000002d4e2fdff50 Thread added: 0x000002d4e2fdff50


Dynamic libraries:
0x00007ff77f260000 - 0x00007ff77f270000 	C:\Program Files\Java\jdk-21\bin\java.exe
0x00007ffb10b50000 - 0x00007ffb10d48000 	C:\Windows\SYSTEM32\ntdll.dll
0x00007ffb10510000 - 0x00007ffb105d2000 	C:\Windows\System32\KERNEL32.DLL
0x00007ffb0e580000 - 0x00007ffb0e87f000 	C:\Windows\System32\KERNELBASE.dll
0x00007ffb0e310000 - 0x00007ffb0e410000 	C:\Windows\System32\ucrtbase.dll
0x00007ffaba220000 - 0x00007ffaba23b000 	C:\Program Files\Java\jdk-21\bin\VCRUNTIME140.dll
0x00007ffb06980000 - 0x00007ffb06999000 	C:\Program Files\Java\jdk-21\bin\jli.dll
0x00007ffb0f080000 - 0x00007ffb0f12f000 	C:\Windows\System32\ADVAPI32.dll
0x00007ffb0efe0000 - 0x00007ffb0f07e000 	C:\Windows\System32\msvcrt.dll
0x00007ffb0ee00000 - 0x00007ffb0ee9f000 	C:\Windows\System32\sechost.dll
0x00007ffb0f8f0000 - 0x00007ffb0fa13000 	C:\Windows\System32\RPCRT4.dll
0x00007ffb0ea80000 - 0x00007ffb0eaa7000 	C:\Windows\System32\bcrypt.dll
0x00007ffb10270000 - 0x00007ffb1040d000 	C:\Windows\System32\USER32.dll
0x00007ffb0e410000 - 0x00007ffb0e432000 	C:\Windows\System32\win32u.dll
0x00007ffb0f2c0000 - 0x00007ffb0f2eb000 	C:\Windows\System32\GDI32.dll
0x00007ffb0d6a0000 - 0x00007ffb0d93a000 	C:\Windows\WinSxS\amd64_microsoft.windows.common-controls_6595b64144ccf1df_6.0.19041.4355_none_60b8b9eb71f62e16\COMCTL32.dll
0x00007ffb0e1f0000 - 0x00007ffb0e30a000 	C:\Windows\System32\gdi32full.dll
0x00007ffb0e9e0000 - 0x00007ffb0ea7d000 	C:\Windows\System32\msvcp_win.dll
0x00007ffb0bbd0000 - 0x00007ffb0bbda000 	C:\Windows\SYSTEM32\VERSION.dll
0x00007ffb0eea0000 - 0x00007ffb0eecf000 	C:\Windows\System32\IMM32.DLL
0x00007ffac9110000 - 0x00007ffac911c000 	C:\Program Files\Java\jdk-21\bin\vcruntime140_1.dll
0x00007ffa9d610000 - 0x00007ffa9d69e000 	C:\Program Files\Java\jdk-21\bin\msvcp140.dll
0x00007ffa9d8c0000 - 0x00007ffa9e5da000 	C:\Program Files\Java\jdk-21\bin\server\jvm.dll
0x00007ffb0f880000 - 0x00007ffb0f8eb000 	C:\Windows\System32\WS2_32.dll
0x00007ffb0dde0000 - 0x00007ffb0de2b000 	C:\Windows\SYSTEM32\POWRPROF.dll
0x00007ffaf09d0000 - 0x00007ffaf09f7000 	C:\Windows\SYSTEM32\WINMM.dll
0x00007ffb0d960000 - 0x00007ffb0d972000 	C:\Windows\SYSTEM32\UMPDC.dll
0x00007ffb0bc00000 - 0x00007ffb0bc12000 	C:\Windows\SYSTEM32\kernel.appcore.dll
0x00007ffac4a50000 - 0x00007ffac4a5a000 	C:\Program Files\Java\jdk-21\bin\jimage.dll
0x00007ffb0db70000 - 0x00007ffb0dd54000 	C:\Windows\SYSTEM32\DBGHELP.DLL
0x00007ffb0db30000 - 0x00007ffb0db64000 	C:\Windows\SYSTEM32\dbgcore.DLL
0x00007ffb0e4f0000 - 0x00007ffb0e572000 	C:\Windows\System32\bcryptPrimitives.dll
0x00007ffb05a00000 - 0x00007ffb05a0f000 	C:\Program Files\Java\jdk-21\bin\instrument.dll
0x00007ffab9d10000 - 0x00007ffab9d2f000 	C:\Program Files\Java\jdk-21\bin\java.dll
0x00007ffb0fa20000 - 0x00007ffb1018d000 	C:\Windows\System32\SHELL32.dll
0x00007ffb0b420000 - 0x00007ffb0bbc4000 	C:\Windows\SYSTEM32\windows.storage.dll
0x00007ffb0f3e0000 - 0x00007ffb0f735000 	C:\Windows\System32\combase.dll
0x00007ffb0d510000 - 0x00007ffb0d53f000 	C:\Windows\SYSTEM32\Wldp.dll
0x00007ffb10430000 - 0x00007ffb104fd000 	C:\Windows\System32\OLEAUT32.dll
0x00007ffb0eed0000 - 0x00007ffb0ef7d000 	C:\Windows\System32\SHCORE.dll
0x00007ffb0ebf0000 - 0x00007ffb0ec45000 	C:\Windows\System32\shlwapi.dll
0x00007ffb0e120000 - 0x00007ffb0e144000 	C:\Windows\SYSTEM32\profapi.dll
0x00007ffa9d7e0000 - 0x00007ffa9d8b7000 	C:\Program Files\Java\jdk-21\bin\jsvml.dll
0x00007ffab90f0000 - 0x00007ffab9108000 	C:\Program Files\Java\jdk-21\bin\zip.dll
0x00007ffac4940000 - 0x00007ffac4950000 	C:\Program Files\Java\jdk-21\bin\net.dll
0x00007ffb06e80000 - 0x00007ffb06f8a000 	C:\Windows\SYSTEM32\WINHTTP.dll
0x00007ffb0d220000 - 0x00007ffb0d28c000 	C:\Windows\system32\mswsock.dll
0x00007ffab9bb0000 - 0x00007ffab9bc6000 	C:\Program Files\Java\jdk-21\bin\nio.dll
0x00007ffac3120000 - 0x00007ffac3130000 	C:\Program Files\Java\jdk-21\bin\verify.dll
0x00007ffaa1050000 - 0x00007ffaa1077000 	C:\Users\r2com\.gradle\native\1def1411415f61bf3af743bc5b6707747c0891f09f0c88961ee8f79bc544acac\windows-amd64\native-platform.dll
0x00007ffaa0ed0000 - 0x00007ffaa0f48000 	C:\Users\r2com\.gradle\native\0.2.6\x86_64-windows-gnu\gradle-fileevents.dll
0x00007ffaf8e60000 - 0x00007ffaf8e6a000 	C:\Program Files\Java\jdk-21\bin\management.dll
0x00007ffaf8e50000 - 0x00007ffaf8e5b000 	C:\Program Files\Java\jdk-21\bin\management_ext.dll
0x00007ffb10500000 - 0x00007ffb10508000 	C:\Windows\System32\PSAPI.DLL
0x00007ffb0cf40000 - 0x00007ffb0cf7b000 	C:\Windows\SYSTEM32\IPHLPAPI.DLL
0x00007ffb0f860000 - 0x00007ffb0f868000 	C:\Windows\System32\NSI.dll
0x00007ffac2130000 - 0x00007ffac2139000 	C:\Program Files\Java\jdk-21\bin\extnet.dll
0x00007ffb0df60000 - 0x00007ffb0df78000 	C:\Windows\SYSTEM32\CRYPTSP.dll
0x00007ffb0cbe0000 - 0x00007ffb0cc14000 	C:\Windows\system32\rsaenh.dll
0x00007ffb0e0a0000 - 0x00007ffb0e0ce000 	C:\Windows\SYSTEM32\USERENV.dll
0x00007ffb0d480000 - 0x00007ffb0d48c000 	C:\Windows\SYSTEM32\CRYPTBASE.dll
0x00007ffad0e10000 - 0x00007ffad0e1e000 	C:\Program Files\Java\jdk-21\bin\sunmscapi.dll
0x00007ffb0e880000 - 0x00007ffb0e9dc000 	C:\Windows\System32\CRYPT32.dll
0x00007ffb0d580000 - 0x00007ffb0d5a7000 	C:\Windows\SYSTEM32\ncrypt.dll
0x00007ffb0d540000 - 0x00007ffb0d57b000 	C:\Windows\SYSTEM32\NTASN1.dll
0x00007ffb04150000 - 0x00007ffb04157000 	C:\Windows\system32\wshunix.dll

dbghelp: loaded successfully - version: 4.0.5 - missing functions: none
symbol engine: initialized successfully - sym options: 0x614 - pdb path: .;C:\Program Files\Java\jdk-21\bin;C:\Windows\SYSTEM32;C:\Windows\WinSxS\amd64_microsoft.windows.common-controls_6595b64144ccf1df_6.0.19041.4355_none_60b8b9eb71f62e16;C:\Program Files\Java\jdk-21\bin\server;C:\Users\r2com\.gradle\native\1def1411415f61bf3af743bc5b6707747c0891f09f0c88961ee8f79bc544acac\windows-amd64;C:\Users\r2com\.gradle\native\0.2.6\x86_64-windows-gnu

VM Arguments:
jvm_args: --add-opens=java.base/java.lang=ALL-UNNAMED --add-opens=java.base/java.lang.invoke=ALL-UNNAMED --add-opens=java.base/java.util=ALL-UNNAMED --add-opens=java.prefs/java.util.prefs=ALL-UNNAMED --add-exports=jdk.compiler/com.sun.tools.javac.api=ALL-UNNAMED --add-exports=jdk.compiler/com.sun.tools.javac.util=ALL-UNNAMED --add-opens=java.base/java.util=ALL-UNNAMED --add-opens=java.prefs/java.util.prefs=ALL-UNNAMED --add-opens=java.base/java.nio.charset=ALL-UNNAMED --add-opens=java.base/java.net=ALL-UNNAMED --add-opens=java.base/java.util.concurrent.atomic=ALL-UNNAMED --add-opens=java.xml/javax.xml.namespace=ALL-UNNAMED -XX:MaxMetaspaceSize=384m -XX:+HeapDumpOnOutOfMemoryError -Xms256m -Xmx512m -Dfile.encoding=UTF-8 -Duser.country=KR -Duser.language=ko -Duser.variant -javaagent:C:\Users\r2com\.gradle\wrapper\dists\gradle-8.12.1-bin\eumc4uhoysa37zql93vfjkxy0\gradle-8.12.1\lib\agents\gradle-instrumentation-agent-8.12.1.jar 
java_command: org.gradle.launcher.daemon.bootstrap.GradleDaemon 8.12.1
java_class_path (initial): C:\Users\r2com\.gradle\wrapper\dists\gradle-8.12.1-bin\eumc4uhoysa37zql93vfjkxy0\gradle-8.12.1\lib\gradle-daemon-main-8.12.1.jar
Launcher Type: SUN_STANDARD

[Global flags]
     intx CICompilerCount                          = 4                                         {product} {ergonomic}
   size_t CompressedClassSpaceSize                 = 335544320                                 {product} {ergonomic}
     uint ConcGCThreads                            = 2                                         {product} {ergonomic}
     uint G1ConcRefinementThreads                  = 8                                         {product} {ergonomic}
   size_t G1HeapRegionSize                         = 1048576                                   {product} {ergonomic}
    uintx GCDrainStackTargetSize                   = 64                                        {product} {ergonomic}
     bool HeapDumpOnOutOfMemoryError               = true                                   {manageable} {command line}
   size_t InitialHeapSize                          = 268435456                                 {product} {command line}
   size_t MarkStackSize                            = 4194304                                   {product} {ergonomic}
   size_t MaxHeapSize                              = 536870912                                 {product} {command line}
   size_t MaxMetaspaceSize                         = 402653184                                 {product} {command line}
   size_t MaxNewSize                               = 321912832                                 {product} {ergonomic}
   size_t MinHeapDeltaBytes                        = 1048576                                   {product} {ergonomic}
   size_t MinHeapSize                              = 268435456                                 {product} {command line}
    uintx NonNMethodCodeHeapSize                   = 5839372                                {pd product} {ergonomic}
    uintx NonProfiledCodeHeapSize                  = 122909434                              {pd product} {ergonomic}
    uintx ProfiledCodeHeapSize                     = 122909434                              {pd product} {ergonomic}
    uintx ReservedCodeCacheSize                    = 251658240                              {pd product} {ergonomic}
     bool SegmentedCodeCache                       = true                                      {product} {ergonomic}
   size_t SoftMaxHeapSize                          = 536870912                              {manageable} {ergonomic}
     bool UseCompressedOops                        = true                           {product lp64_product} {ergonomic}
     bool UseG1GC                                  = true                                      {product} {ergonomic}
     bool UseLargePagesIndividualAllocation        = false                                  {pd product} {ergonomic}

Logging:
Log output configuration:
 #0: stdout all=warning uptime,level,tags foldmultilines=false
 #1: stderr all=off uptime,level,tags foldmultilines=false

Environment Variables:
JAVA_HOME=C:\Program Files\Java\jdk-21
CLASSPATH=D:\abbamon\albbamon-api-server\\gradle\wrapper\gradle-wrapper.jar
PATH=C:\app\r2com\product\23ai\dbhomeFree\bin;C:\Program Files\Common Files\Oracle\Java\javapath;C:\Windows\system32;C:\Windows;C:\Windows\System32\Wbem;C:\Windows\System32\WindowsPowerShell\v1.0\;C:\Windows\System32\OpenSSH\;C:\Program Files\Bandizip\;C:\Program Files\Java\jdk-21\bin;C:\Program Files\Git\cmd;C:\Users\r2com\AppData\Local\Programs\Python\Python313\Scripts\;C:\Users\r2com\AppData\Local\Programs\Python\Python313\;C:\Users\r2com\AppData\Local\Microsoft\WindowsApps;C:\Users\r2com\AppData\Local\Programs\Microsoft VS Code\bin;C:\Users\r2com\AppData\Local\GitHubDesktop\bin;c:\Users\r2com\.vscode\extensions\ms-python.debugpy-2025.0.1-win32-x64\bundled\scripts\noConfigScripts
USERNAME=r2com
LANG=en_US.UTF-8
OS=Windows_NT
PROCESSOR_IDENTIFIER=Intel64 Family 6 Model 140 Stepping 1, GenuineIntel
TMP=C:\Users\r2com\AppData\Local\Temp
TEMP=C:\Users\r2com\AppData\Local\Temp




Periodic native trim disabled

---------------  S Y S T E M  ---------------

OS:
 Windows 10 , 64 bit Build 19041 (10.0.19041.5438)
OS uptime: 3 days 0:07 hours

CPU: total 8 (initial active 8) (4 cores per cpu, 2 threads per core) family 6 model 140 stepping 1 microcode 0x8a, cx8, cmov, fxsr, ht, mmx, 3dnowpref, sse, sse2, sse3, ssse3, sse4.1, sse4.2, popcnt, lzcnt, tsc, tscinvbit, avx, avx2, aes, erms, clmul, bmi1, bmi2, adx, avx512f, avx512dq, avx512cd, avx512bw, avx512vl, sha, fma, vzeroupper, avx512_vpopcntdq, avx512_vpclmulqdq, avx512_vaes, avx512_vnni, clflush, clflushopt, clwb, avx512_vbmi2, avx512_vbmi, rdtscp, rdpid, fsrm, gfni, avx512_bitalg, f16c, pku, cet_ibt, cet_ss, avx512_ifma
Processor Information for all 8 processors :
  Max Mhz: 2419, Current Mhz: 2419, Mhz Limit: 2419

Memory: 4k page, system-wide physical 16107M (5578M free)
TotalPageFile size 25098M (AvailPageFile size 11774M)
current process WorkingSet (physical memory assigned to process): 207M, peak: 207M
current process commit charge ("private bytes"): 433M, peak: 433M

vm_info: Java HotSpot(TM) 64-Bit Server VM (21.0.6+8-LTS-188) for windows-amd64 JRE (21.0.6+8-LTS-188), built on 2024-12-03T10:50:54Z by "mach5one" with MS VC++ 17.6 (VS2022)

END.
